23-Nov-2023 18:31:02.382 INFO [main] org.apache.catalina.startup.VersionLoggerListener.log Nombre de la versión del servidor: Apache Tomcat/9.0.83
23-Nov-2023 18:31:02.388 INFO [main] org.apache.catalina.startup.VersionLoggerListener.log Server built:                      Nov 9 2023 20:57:42 UTC
23-Nov-2023 18:31:02.389 INFO [main] org.apache.catalina.startup.VersionLoggerListener.log Número de versión de servidor:     9.0.83.0
23-Nov-2023 18:31:02.389 INFO [main] org.apache.catalina.startup.VersionLoggerListener.log OS Name:                           Windows 10
23-Nov-2023 18:31:02.389 INFO [main] org.apache.catalina.startup.VersionLoggerListener.log Versión de Systema Operativo:      10.0
23-Nov-2023 18:31:02.389 INFO [main] org.apache.catalina.startup.VersionLoggerListener.log Arquitectura:                      amd64
23-Nov-2023 18:31:02.389 INFO [main] org.apache.catalina.startup.VersionLoggerListener.log Java Home:                         C:\Program Files\Java\jdk-20
23-Nov-2023 18:31:02.389 INFO [main] org.apache.catalina.startup.VersionLoggerListener.log JVM Version:                       20+36-2344
23-Nov-2023 18:31:02.390 INFO [main] org.apache.catalina.startup.VersionLoggerListener.log Vededor JVM:                       Oracle Corporation
23-Nov-2023 18:31:02.390 INFO [main] org.apache.catalina.startup.VersionLoggerListener.log CATALINA_BASE:                     C:\Users\Fernando\Desktop\final_cac_java-master
23-Nov-2023 18:31:02.390 INFO [main] org.apache.catalina.startup.VersionLoggerListener.log CATALINA_HOME:                     C:\Users\Fernando\Downloads\apache-tomcat-9.0.83
23-Nov-2023 18:31:02.412 INFO [main] org.apache.catalina.startup.VersionLoggerListener.log Command line argument:             --add-opens=java.base/java.lang=ALL-UNNAMED
23-Nov-2023 18:31:02.412 INFO [main] org.apache.catalina.startup.VersionLoggerListener.log Command line argument:             --add-opens=java.base/java.io=ALL-UNNAMED
23-Nov-2023 18:31:02.413 INFO [main] org.apache.catalina.startup.VersionLoggerListener.log Command line argument:             --add-opens=java.base/java.util=ALL-UNNAMED
23-Nov-2023 18:31:02.413 INFO [main] org.apache.catalina.startup.VersionLoggerListener.log Command line argument:             --add-opens=java.base/java.util.concurrent=ALL-UNNAMED
23-Nov-2023 18:31:02.413 INFO [main] org.apache.catalina.startup.VersionLoggerListener.log Command line argument:             --add-opens=java.rmi/sun.rmi.transport=ALL-UNNAMED
23-Nov-2023 18:31:02.413 INFO [main] org.apache.catalina.startup.VersionLoggerListener.log Command line argument:             -Dcatalina.home=C:\Users\Fernando\Downloads\apache-tomcat-9.0.83
23-Nov-2023 18:31:02.413 INFO [main] org.apache.catalina.startup.VersionLoggerListener.log Command line argument:             -Dcatalina.base=C:\Users\Fernando\Desktop\final_cac_java-master
23-Nov-2023 18:31:02.413 INFO [main] org.apache.catalina.startup.VersionLoggerListener.log Command line argument:             -Djava.io.tmpdir=C:\Users\Fernando\Desktop\final_cac_java-master\temp
23-Nov-2023 18:31:02.413 INFO [main] org.apache.catalina.startup.VersionLoggerListener.log Command line argument:             -Djava.util.logging.config.file=C:\Users\Fernando\Desktop\final_cac_java-master\conf\logging.properties
23-Nov-2023 18:31:02.414 INFO [main] org.apache.catalina.startup.VersionLoggerListener.log Command line argument:             -Djava.util.logging.manager=org.apache.juli.ClassLoaderLogManager
23-Nov-2023 18:31:02.414 INFO [main] org.apache.catalina.startup.VersionLoggerListener.log Command line argument:             -javaagent:C:\Program Files\JetBrains\IntelliJ IDEA Community Edition 2023.1.2\lib\idea_rt.jar=1193:C:\Program Files\JetBrains\IntelliJ IDEA Community Edition 2023.1.2\bin
23-Nov-2023 18:31:02.414 INFO [main] org.apache.catalina.startup.VersionLoggerListener.log Command line argument:             -Dfile.encoding=UTF-8
23-Nov-2023 18:31:02.414 INFO [main] org.apache.catalina.startup.VersionLoggerListener.log Command line argument:             -Dsun.stdout.encoding=UTF-8
23-Nov-2023 18:31:02.414 INFO [main] org.apache.catalina.startup.VersionLoggerListener.log Command line argument:             -Dsun.stderr.encoding=UTF-8
23-Nov-2023 18:31:02.420 INFO [main] org.apache.catalina.core.AprLifecycleListener.lifecycleEvent Cargada la biblioteca nativa APR de Apache Tomcat [1.2.39] con la versión APR [1.7.4].
23-Nov-2023 18:31:02.420 INFO [main] org.apache.catalina.core.AprLifecycleListener.lifecycleEvent Capacidades APR: IPv6 [true], enviar fichero [true], aceptar filtros [false], aleatorio [true], UDS [true].
23-Nov-2023 18:31:02.420 INFO [main] org.apache.catalina.core.AprLifecycleListener.lifecycleEvent APR/OpenSSL configuration: useAprConnector [false], useOpenSSL [true]
23-Nov-2023 18:31:02.430 INFO [main] org.apache.catalina.core.AprLifecycleListener.initializeSSL OpenSSL inicializado correctamente [OpenSSL 3.0.11 19 Sep 2023]
23-Nov-2023 18:31:03.154 INFO [main] org.apache.coyote.AbstractProtocol.init Inicializando el manejador de protocolo ["http-nio-8080"]

23-Nov-2023 18:31:03.218 INFO [main] org.apache.catalina.startup.Catalina.load Server initialization in [1328] milliseconds
23-Nov-2023 18:31:03.314 INFO [main] org.apache.catalina.core.StandardService.startInternal Arrancando servicio [Catalina]
23-Nov-2023 18:31:03.314 INFO [main] org.apache.catalina.core.StandardEngine.startInternal Starting Servlet engine: [Apache Tomcat/9.0.83]
23-Nov-2023 18:31:03.329 INFO [main] org.apache.catalina.startup.HostConfig.deployDescriptor Desplieque del descriptor de configuración [C:\Users\Fernando\Desktop\final_cac_java-master\conf\Catalina\localhost\integrador_java.xml]
23-Nov-2023 18:31:04.969 INFO [main] org.apache.jasper.servlet.TldScanner.scanJars Al menos un JAR, que se ha explorado buscando TLDs, aún no contenía TLDs. Activar historial de depuración para este historiador para una completa lista de los JARs que fueron explorados y de los que nos se halló TLDs. Saltarse JARs no necesarios durante la exploración puede dar lugar a una mejora de tiempo significativa en el arranque y compilación de JSP .
23-Nov-2023 18:31:05.099 INFO [main] org.apache.catalina.startup.HostConfig.deployDescriptor Deployment of deployment descriptor [C:\Users\Fernando\Desktop\final_cac_java-master\conf\Catalina\localhost\integrador_java.xml] has finished in [1.765] ms
23-Nov-2023 18:31:05.104 INFO [main] org.apache.coyote.AbstractProtocol.start Starting ProtocolHandler ["http-nio-8080"]
23-Nov-2023 18:31:05.185 INFO [main] org.apache.catalina.startup.Catalina.start Server startup in [1965] milliseconds
23-Nov-2023 18:32:24.347 INFO [Thread-1] org.apache.coyote.AbstractProtocol.pause Pausing ProtocolHandler ["http-nio-8080"]
23-Nov-2023 18:32:24.372 INFO [Thread-1] org.apache.catalina.core.StandardService.stopInternal Parando servicio [Catalina]
23-Nov-2023 18:32:24.398 WARNING [Thread-1] org.apache.catalina.loader.WebappClassLoaderBase.clearReferencesJdbc La aplicación web [integrador_java] registró el conductor JDBC [com.mysql.cj.jdbc.Driver] pero falló al anular el registro mientras la aplicación web estaba parada. Para prevenir un fallo de memoria, se ha anulado el registro del conductor JDBC por la fuerza.
23-Nov-2023 18:32:24.400 WARNING [Thread-1] org.apache.catalina.loader.WebappClassLoaderBase.clearReferencesThreads The web application [integrador_java] appears to have started a thread named [mysql-cj-abandoned-connection-cleanup] but has failed to stop it. This is very likely to create a memory leak. Stack trace of thread:
 java.base/jdk.internal.misc.Unsafe.park(Native Method)
 java.base/java.util.concurrent.locks.LockSupport.parkNanos(LockSupport.java:269)
 java.base/java.util.concurrent.locks.AbstractQueuedSynchronizer$ConditionObject.await(AbstractQueuedSynchronizer.java:1847)
 java.base/java.lang.ref.ReferenceQueue.await(ReferenceQueue.java:71)
 java.base/java.lang.ref.ReferenceQueue.remove0(ReferenceQueue.java:143)
 java.base/java.lang.ref.ReferenceQueue.remove(ReferenceQueue.java:218)
 com.mysql.cj.jdbc.AbandonedConnectionCleanupThread.run(AbandonedConnectionCleanupThread.java:91)
 java.base/java.util.concurrent.ThreadPoolExecutor.runWorker(ThreadPoolExecutor.java:1144)
 java.base/java.util.concurrent.ThreadPoolExecutor$Worker.run(ThreadPoolExecutor.java:642)
 java.base/java.lang.Thread.run(Thread.java:1623)
23-Nov-2023 18:32:24.431 INFO [Thread-1] org.apache.coyote.AbstractProtocol.stop Stopping ProtocolHandler ["http-nio-8080"]
23-Nov-2023 18:32:24.461 INFO [Thread-1] org.apache.coyote.AbstractProtocol.destroy Destroying ProtocolHandler ["http-nio-8080"]
23-Nov-2023 18:32:33.707 INFO [main] org.apache.catalina.startup.VersionLoggerListener.log Nombre de la versión del servidor: Apache Tomcat/9.0.83
23-Nov-2023 18:32:33.714 INFO [main] org.apache.catalina.startup.VersionLoggerListener.log Server built:                      Nov 9 2023 20:57:42 UTC
23-Nov-2023 18:32:33.714 INFO [main] org.apache.catalina.startup.VersionLoggerListener.log Número de versión de servidor:     9.0.83.0
23-Nov-2023 18:32:33.714 INFO [main] org.apache.catalina.startup.VersionLoggerListener.log OS Name:                           Windows 10
23-Nov-2023 18:32:33.715 INFO [main] org.apache.catalina.startup.VersionLoggerListener.log Versión de Systema Operativo:      10.0
23-Nov-2023 18:32:33.715 INFO [main] org.apache.catalina.startup.VersionLoggerListener.log Arquitectura:                      amd64
23-Nov-2023 18:32:33.715 INFO [main] org.apache.catalina.startup.VersionLoggerListener.log Java Home:                         C:\Program Files\Java\jdk-20
23-Nov-2023 18:32:33.715 INFO [main] org.apache.catalina.startup.VersionLoggerListener.log JVM Version:                       20+36-2344
23-Nov-2023 18:32:33.715 INFO [main] org.apache.catalina.startup.VersionLoggerListener.log Vededor JVM:                       Oracle Corporation
23-Nov-2023 18:32:33.715 INFO [main] org.apache.catalina.startup.VersionLoggerListener.log CATALINA_BASE:                     C:\Users\Fernando\Desktop\final_cac_java-master
23-Nov-2023 18:32:33.715 INFO [main] org.apache.catalina.startup.VersionLoggerListener.log CATALINA_HOME:                     C:\Users\Fernando\Downloads\apache-tomcat-9.0.83
23-Nov-2023 18:32:33.728 INFO [main] org.apache.catalina.startup.VersionLoggerListener.log Command line argument:             --add-opens=java.base/java.lang=ALL-UNNAMED
23-Nov-2023 18:32:33.728 INFO [main] org.apache.catalina.startup.VersionLoggerListener.log Command line argument:             --add-opens=java.base/java.io=ALL-UNNAMED
23-Nov-2023 18:32:33.728 INFO [main] org.apache.catalina.startup.VersionLoggerListener.log Command line argument:             --add-opens=java.base/java.util=ALL-UNNAMED
23-Nov-2023 18:32:33.728 INFO [main] org.apache.catalina.startup.VersionLoggerListener.log Command line argument:             --add-opens=java.base/java.util.concurrent=ALL-UNNAMED
23-Nov-2023 18:32:33.728 INFO [main] org.apache.catalina.startup.VersionLoggerListener.log Command line argument:             --add-opens=java.rmi/sun.rmi.transport=ALL-UNNAMED
23-Nov-2023 18:32:33.729 INFO [main] org.apache.catalina.startup.VersionLoggerListener.log Command line argument:             -Dcatalina.home=C:\Users\Fernando\Downloads\apache-tomcat-9.0.83
23-Nov-2023 18:32:33.729 INFO [main] org.apache.catalina.startup.VersionLoggerListener.log Command line argument:             -Dcatalina.base=C:\Users\Fernando\Desktop\final_cac_java-master
23-Nov-2023 18:32:33.729 INFO [main] org.apache.catalina.startup.VersionLoggerListener.log Command line argument:             -Djava.io.tmpdir=C:\Users\Fernando\Desktop\final_cac_java-master\temp
23-Nov-2023 18:32:33.729 INFO [main] org.apache.catalina.startup.VersionLoggerListener.log Command line argument:             -Djava.util.logging.config.file=C:\Users\Fernando\Desktop\final_cac_java-master\conf\logging.properties
23-Nov-2023 18:32:33.729 INFO [main] org.apache.catalina.startup.VersionLoggerListener.log Command line argument:             -Djava.util.logging.manager=org.apache.juli.ClassLoaderLogManager
23-Nov-2023 18:32:33.729 INFO [main] org.apache.catalina.startup.VersionLoggerListener.log Command line argument:             -javaagent:C:\Program Files\JetBrains\IntelliJ IDEA Community Edition 2023.1.2\lib\idea_rt.jar=1216:C:\Program Files\JetBrains\IntelliJ IDEA Community Edition 2023.1.2\bin
23-Nov-2023 18:32:33.730 INFO [main] org.apache.catalina.startup.VersionLoggerListener.log Command line argument:             -Dfile.encoding=UTF-8
23-Nov-2023 18:32:33.730 INFO [main] org.apache.catalina.startup.VersionLoggerListener.log Command line argument:             -Dsun.stdout.encoding=UTF-8
23-Nov-2023 18:32:33.730 INFO [main] org.apache.catalina.startup.VersionLoggerListener.log Command line argument:             -Dsun.stderr.encoding=UTF-8
23-Nov-2023 18:32:33.735 INFO [main] org.apache.catalina.core.AprLifecycleListener.lifecycleEvent Cargada la biblioteca nativa APR de Apache Tomcat [1.2.39] con la versión APR [1.7.4].
23-Nov-2023 18:32:33.736 INFO [main] org.apache.catalina.core.AprLifecycleListener.lifecycleEvent Capacidades APR: IPv6 [true], enviar fichero [true], aceptar filtros [false], aleatorio [true], UDS [true].
23-Nov-2023 18:32:33.736 INFO [main] org.apache.catalina.core.AprLifecycleListener.lifecycleEvent APR/OpenSSL configuration: useAprConnector [false], useOpenSSL [true]
23-Nov-2023 18:32:33.745 INFO [main] org.apache.catalina.core.AprLifecycleListener.initializeSSL OpenSSL inicializado correctamente [OpenSSL 3.0.11 19 Sep 2023]
23-Nov-2023 18:32:34.397 INFO [main] org.apache.coyote.AbstractProtocol.init Inicializando el manejador de protocolo ["http-nio-3307"]

23-Nov-2023 18:32:34.428 INFO [main] org.apache.catalina.startup.Catalina.load Server initialization in [1426] milliseconds
23-Nov-2023 18:32:34.514 INFO [main] org.apache.catalina.core.StandardService.startInternal Arrancando servicio [Catalina]
23-Nov-2023 18:32:34.514 INFO [main] org.apache.catalina.core.StandardEngine.startInternal Starting Servlet engine: [Apache Tomcat/9.0.83]
23-Nov-2023 18:32:34.534 INFO [main] org.apache.catalina.startup.HostConfig.deployDescriptor Desplieque del descriptor de configuración [C:\Users\Fernando\Desktop\final_cac_java-master\conf\Catalina\localhost\integrador_java.xml]
23-Nov-2023 18:32:36.186 INFO [main] org.apache.jasper.servlet.TldScanner.scanJars Al menos un JAR, que se ha explorado buscando TLDs, aún no contenía TLDs. Activar historial de depuración para este historiador para una completa lista de los JARs que fueron explorados y de los que nos se halló TLDs. Saltarse JARs no necesarios durante la exploración puede dar lugar a una mejora de tiempo significativa en el arranque y compilación de JSP .
23-Nov-2023 18:32:36.369 INFO [main] org.apache.catalina.startup.HostConfig.deployDescriptor Deployment of deployment descriptor [C:\Users\Fernando\Desktop\final_cac_java-master\conf\Catalina\localhost\integrador_java.xml] has finished in [1.830] ms
23-Nov-2023 18:32:36.376 INFO [main] org.apache.coyote.AbstractProtocol.start Starting ProtocolHandler ["http-nio-3307"]
23-Nov-2023 18:32:36.473 INFO [main] org.apache.catalina.startup.Catalina.start Server startup in [2042] milliseconds
23-Nov-2023 18:38:08.142 INFO [Thread-1] org.apache.coyote.AbstractProtocol.pause Pausing ProtocolHandler ["http-nio-3307"]
23-Nov-2023 18:38:08.157 INFO [Thread-1] org.apache.catalina.core.StandardService.stopInternal Parando servicio [Catalina]
23-Nov-2023 18:38:08.169 WARNING [Thread-1] org.apache.catalina.loader.WebappClassLoaderBase.clearReferencesJdbc La aplicación web [integrador_java] registró el conductor JDBC [com.mysql.cj.jdbc.Driver] pero falló al anular el registro mientras la aplicación web estaba parada. Para prevenir un fallo de memoria, se ha anulado el registro del conductor JDBC por la fuerza.
23-Nov-2023 18:38:08.171 WARNING [Thread-1] org.apache.catalina.loader.WebappClassLoaderBase.clearReferencesThreads The web application [integrador_java] appears to have started a thread named [mysql-cj-abandoned-connection-cleanup] but has failed to stop it. This is very likely to create a memory leak. Stack trace of thread:
 java.base/jdk.internal.misc.Unsafe.park(Native Method)
 java.base/java.util.concurrent.locks.LockSupport.parkNanos(LockSupport.java:269)
 java.base/java.util.concurrent.locks.AbstractQueuedSynchronizer$ConditionObject.await(AbstractQueuedSynchronizer.java:1847)
 java.base/java.lang.ref.ReferenceQueue.await(ReferenceQueue.java:71)
 java.base/java.lang.ref.ReferenceQueue.remove0(ReferenceQueue.java:143)
 java.base/java.lang.ref.ReferenceQueue.remove(ReferenceQueue.java:218)
 com.mysql.cj.jdbc.AbandonedConnectionCleanupThread.run(AbandonedConnectionCleanupThread.java:91)
 java.base/java.util.concurrent.ThreadPoolExecutor.runWorker(ThreadPoolExecutor.java:1144)
 java.base/java.util.concurrent.ThreadPoolExecutor$Worker.run(ThreadPoolExecutor.java:642)
 java.base/java.lang.Thread.run(Thread.java:1623)
23-Nov-2023 18:38:08.180 INFO [Thread-1] org.apache.coyote.AbstractProtocol.stop Stopping ProtocolHandler ["http-nio-3307"]
23-Nov-2023 18:38:08.195 INFO [Thread-1] org.apache.coyote.AbstractProtocol.destroy Destroying ProtocolHandler ["http-nio-3307"]
23-Nov-2023 18:41:00.710 INFO [main] org.apache.catalina.startup.VersionLoggerListener.log Nombre de la versión del servidor: Apache Tomcat/9.0.83
23-Nov-2023 18:41:00.718 INFO [main] org.apache.catalina.startup.VersionLoggerListener.log Server built:                      Nov 9 2023 20:57:42 UTC
23-Nov-2023 18:41:00.718 INFO [main] org.apache.catalina.startup.VersionLoggerListener.log Número de versión de servidor:     9.0.83.0
23-Nov-2023 18:41:00.719 INFO [main] org.apache.catalina.startup.VersionLoggerListener.log OS Name:                           Windows 10
23-Nov-2023 18:41:00.719 INFO [main] org.apache.catalina.startup.VersionLoggerListener.log Versión de Systema Operativo:      10.0
23-Nov-2023 18:41:00.719 INFO [main] org.apache.catalina.startup.VersionLoggerListener.log Arquitectura:                      amd64
23-Nov-2023 18:41:00.719 INFO [main] org.apache.catalina.startup.VersionLoggerListener.log Java Home:                         C:\Program Files\Java\jdk-20
23-Nov-2023 18:41:00.719 INFO [main] org.apache.catalina.startup.VersionLoggerListener.log JVM Version:                       20+36-2344
23-Nov-2023 18:41:00.719 INFO [main] org.apache.catalina.startup.VersionLoggerListener.log Vededor JVM:                       Oracle Corporation
23-Nov-2023 18:41:00.719 INFO [main] org.apache.catalina.startup.VersionLoggerListener.log CATALINA_BASE:                     C:\Users\Fernando\Desktop\final_cac_java-master
23-Nov-2023 18:41:00.720 INFO [main] org.apache.catalina.startup.VersionLoggerListener.log CATALINA_HOME:                     C:\Users\Fernando\Downloads\apache-tomcat-9.0.83
23-Nov-2023 18:41:00.736 INFO [main] org.apache.catalina.startup.VersionLoggerListener.log Command line argument:             --add-opens=java.base/java.lang=ALL-UNNAMED
23-Nov-2023 18:41:00.736 INFO [main] org.apache.catalina.startup.VersionLoggerListener.log Command line argument:             --add-opens=java.base/java.io=ALL-UNNAMED
23-Nov-2023 18:41:00.736 INFO [main] org.apache.catalina.startup.VersionLoggerListener.log Command line argument:             --add-opens=java.base/java.util=ALL-UNNAMED
23-Nov-2023 18:41:00.737 INFO [main] org.apache.catalina.startup.VersionLoggerListener.log Command line argument:             --add-opens=java.base/java.util.concurrent=ALL-UNNAMED
23-Nov-2023 18:41:00.737 INFO [main] org.apache.catalina.startup.VersionLoggerListener.log Command line argument:             --add-opens=java.rmi/sun.rmi.transport=ALL-UNNAMED
23-Nov-2023 18:41:00.737 INFO [main] org.apache.catalina.startup.VersionLoggerListener.log Command line argument:             -Dcatalina.home=C:\Users\Fernando\Downloads\apache-tomcat-9.0.83
23-Nov-2023 18:41:00.738 INFO [main] org.apache.catalina.startup.VersionLoggerListener.log Command line argument:             -Dcatalina.base=C:\Users\Fernando\Desktop\final_cac_java-master
23-Nov-2023 18:41:00.738 INFO [main] org.apache.catalina.startup.VersionLoggerListener.log Command line argument:             -Djava.io.tmpdir=C:\Users\Fernando\Desktop\final_cac_java-master\temp
23-Nov-2023 18:41:00.738 INFO [main] org.apache.catalina.startup.VersionLoggerListener.log Command line argument:             -Djava.util.logging.config.file=C:\Users\Fernando\Desktop\final_cac_java-master\conf\logging.properties
23-Nov-2023 18:41:00.738 INFO [main] org.apache.catalina.startup.VersionLoggerListener.log Command line argument:             -Djava.util.logging.manager=org.apache.juli.ClassLoaderLogManager
23-Nov-2023 18:41:00.739 INFO [main] org.apache.catalina.startup.VersionLoggerListener.log Command line argument:             -javaagent:C:\Program Files\JetBrains\IntelliJ IDEA Community Edition 2023.1.2\lib\idea_rt.jar=1275:C:\Program Files\JetBrains\IntelliJ IDEA Community Edition 2023.1.2\bin
23-Nov-2023 18:41:00.739 INFO [main] org.apache.catalina.startup.VersionLoggerListener.log Command line argument:             -Dfile.encoding=UTF-8
23-Nov-2023 18:41:00.739 INFO [main] org.apache.catalina.startup.VersionLoggerListener.log Command line argument:             -Dsun.stdout.encoding=UTF-8
23-Nov-2023 18:41:00.739 INFO [main] org.apache.catalina.startup.VersionLoggerListener.log Command line argument:             -Dsun.stderr.encoding=UTF-8
23-Nov-2023 18:41:00.745 INFO [main] org.apache.catalina.core.AprLifecycleListener.lifecycleEvent Cargada la biblioteca nativa APR de Apache Tomcat [1.2.39] con la versión APR [1.7.4].
23-Nov-2023 18:41:00.745 INFO [main] org.apache.catalina.core.AprLifecycleListener.lifecycleEvent Capacidades APR: IPv6 [true], enviar fichero [true], aceptar filtros [false], aleatorio [true], UDS [true].
23-Nov-2023 18:41:00.745 INFO [main] org.apache.catalina.core.AprLifecycleListener.lifecycleEvent APR/OpenSSL configuration: useAprConnector [false], useOpenSSL [true]
23-Nov-2023 18:41:00.755 INFO [main] org.apache.catalina.core.AprLifecycleListener.initializeSSL OpenSSL inicializado correctamente [OpenSSL 3.0.11 19 Sep 2023]
23-Nov-2023 18:41:01.418 INFO [main] org.apache.coyote.AbstractProtocol.init Inicializando el manejador de protocolo ["http-nio-3307"]

23-Nov-2023 18:41:01.449 INFO [main] org.apache.catalina.startup.Catalina.load Server initialization in [1348] milliseconds
23-Nov-2023 18:41:01.556 INFO [main] org.apache.catalina.core.StandardService.startInternal Arrancando servicio [Catalina]
23-Nov-2023 18:41:01.557 INFO [main] org.apache.catalina.core.StandardEngine.startInternal Starting Servlet engine: [Apache Tomcat/9.0.83]
23-Nov-2023 18:41:01.579 INFO [main] org.apache.catalina.startup.HostConfig.deployDescriptor Desplieque del descriptor de configuración [C:\Users\Fernando\Desktop\final_cac_java-master\conf\Catalina\localhost\integrador_java.xml]
23-Nov-2023 18:41:03.344 INFO [main] org.apache.jasper.servlet.TldScanner.scanJars Al menos un JAR, que se ha explorado buscando TLDs, aún no contenía TLDs. Activar historial de depuración para este historiador para una completa lista de los JARs que fueron explorados y de los que nos se halló TLDs. Saltarse JARs no necesarios durante la exploración puede dar lugar a una mejora de tiempo significativa en el arranque y compilación de JSP .
23-Nov-2023 18:41:03.519 INFO [main] org.apache.catalina.startup.HostConfig.deployDescriptor Deployment of deployment descriptor [C:\Users\Fernando\Desktop\final_cac_java-master\conf\Catalina\localhost\integrador_java.xml] has finished in [1.936] ms
23-Nov-2023 18:41:03.525 INFO [main] org.apache.coyote.AbstractProtocol.start Starting ProtocolHandler ["http-nio-3307"]
23-Nov-2023 18:41:03.624 INFO [main] org.apache.catalina.startup.Catalina.start Server startup in [2173] milliseconds
23-Nov-2023 18:42:11.508 INFO [Thread-1] org.apache.coyote.AbstractProtocol.pause Pausing ProtocolHandler ["http-nio-3307"]
23-Nov-2023 18:42:11.520 INFO [Thread-1] org.apache.catalina.core.StandardService.stopInternal Parando servicio [Catalina]
23-Nov-2023 18:42:11.531 WARNING [Thread-1] org.apache.catalina.loader.WebappClassLoaderBase.clearReferencesJdbc La aplicación web [integrador_java] registró el conductor JDBC [com.mysql.cj.jdbc.Driver] pero falló al anular el registro mientras la aplicación web estaba parada. Para prevenir un fallo de memoria, se ha anulado el registro del conductor JDBC por la fuerza.
23-Nov-2023 18:42:11.534 WARNING [Thread-1] org.apache.catalina.loader.WebappClassLoaderBase.clearReferencesThreads The web application [integrador_java] appears to have started a thread named [mysql-cj-abandoned-connection-cleanup] but has failed to stop it. This is very likely to create a memory leak. Stack trace of thread:
 java.base/jdk.internal.misc.Unsafe.park(Native Method)
 java.base/java.util.concurrent.locks.LockSupport.parkNanos(LockSupport.java:269)
 java.base/java.util.concurrent.locks.AbstractQueuedSynchronizer$ConditionObject.await(AbstractQueuedSynchronizer.java:1847)
 java.base/java.lang.ref.ReferenceQueue.await(ReferenceQueue.java:71)
 java.base/java.lang.ref.ReferenceQueue.remove0(ReferenceQueue.java:143)
 java.base/java.lang.ref.ReferenceQueue.remove(ReferenceQueue.java:218)
 com.mysql.cj.jdbc.AbandonedConnectionCleanupThread.run(AbandonedConnectionCleanupThread.java:91)
 java.base/java.util.concurrent.ThreadPoolExecutor.runWorker(ThreadPoolExecutor.java:1144)
 java.base/java.util.concurrent.ThreadPoolExecutor$Worker.run(ThreadPoolExecutor.java:642)
 java.base/java.lang.Thread.run(Thread.java:1623)
23-Nov-2023 18:42:11.543 INFO [Thread-1] org.apache.coyote.AbstractProtocol.stop Stopping ProtocolHandler ["http-nio-3307"]
23-Nov-2023 18:42:11.559 INFO [Thread-1] org.apache.coyote.AbstractProtocol.destroy Destroying ProtocolHandler ["http-nio-3307"]
23-Nov-2023 18:42:25.250 INFO [main] org.apache.catalina.startup.VersionLoggerListener.log Nombre de la versión del servidor: Apache Tomcat/9.0.83
23-Nov-2023 18:42:25.256 INFO [main] org.apache.catalina.startup.VersionLoggerListener.log Server built:                      Nov 9 2023 20:57:42 UTC
23-Nov-2023 18:42:25.257 INFO [main] org.apache.catalina.startup.VersionLoggerListener.log Número de versión de servidor:     9.0.83.0
23-Nov-2023 18:42:25.257 INFO [main] org.apache.catalina.startup.VersionLoggerListener.log OS Name:                           Windows 10
23-Nov-2023 18:42:25.257 INFO [main] org.apache.catalina.startup.VersionLoggerListener.log Versión de Systema Operativo:      10.0
23-Nov-2023 18:42:25.257 INFO [main] org.apache.catalina.startup.VersionLoggerListener.log Arquitectura:                      amd64
23-Nov-2023 18:42:25.257 INFO [main] org.apache.catalina.startup.VersionLoggerListener.log Java Home:                         C:\Program Files\Java\jdk-20
23-Nov-2023 18:42:25.257 INFO [main] org.apache.catalina.startup.VersionLoggerListener.log JVM Version:                       20+36-2344
23-Nov-2023 18:42:25.258 INFO [main] org.apache.catalina.startup.VersionLoggerListener.log Vededor JVM:                       Oracle Corporation
23-Nov-2023 18:42:25.258 INFO [main] org.apache.catalina.startup.VersionLoggerListener.log CATALINA_BASE:                     C:\Users\Fernando\Desktop\final_cac_java-master
23-Nov-2023 18:42:25.258 INFO [main] org.apache.catalina.startup.VersionLoggerListener.log CATALINA_HOME:                     C:\Users\Fernando\Downloads\apache-tomcat-9.0.83
23-Nov-2023 18:42:25.274 INFO [main] org.apache.catalina.startup.VersionLoggerListener.log Command line argument:             --add-opens=java.base/java.lang=ALL-UNNAMED
23-Nov-2023 18:42:25.274 INFO [main] org.apache.catalina.startup.VersionLoggerListener.log Command line argument:             --add-opens=java.base/java.io=ALL-UNNAMED
23-Nov-2023 18:42:25.274 INFO [main] org.apache.catalina.startup.VersionLoggerListener.log Command line argument:             --add-opens=java.base/java.util=ALL-UNNAMED
23-Nov-2023 18:42:25.274 INFO [main] org.apache.catalina.startup.VersionLoggerListener.log Command line argument:             --add-opens=java.base/java.util.concurrent=ALL-UNNAMED
23-Nov-2023 18:42:25.274 INFO [main] org.apache.catalina.startup.VersionLoggerListener.log Command line argument:             --add-opens=java.rmi/sun.rmi.transport=ALL-UNNAMED
23-Nov-2023 18:42:25.275 INFO [main] org.apache.catalina.startup.VersionLoggerListener.log Command line argument:             -Dcatalina.home=C:\Users\Fernando\Downloads\apache-tomcat-9.0.83
23-Nov-2023 18:42:25.275 INFO [main] org.apache.catalina.startup.VersionLoggerListener.log Command line argument:             -Dcatalina.base=C:\Users\Fernando\Desktop\final_cac_java-master
23-Nov-2023 18:42:25.275 INFO [main] org.apache.catalina.startup.VersionLoggerListener.log Command line argument:             -Djava.io.tmpdir=C:\Users\Fernando\Desktop\final_cac_java-master\temp
23-Nov-2023 18:42:25.275 INFO [main] org.apache.catalina.startup.VersionLoggerListener.log Command line argument:             -Djava.util.logging.config.file=C:\Users\Fernando\Desktop\final_cac_java-master\conf\logging.properties
23-Nov-2023 18:42:25.275 INFO [main] org.apache.catalina.startup.VersionLoggerListener.log Command line argument:             -Djava.util.logging.manager=org.apache.juli.ClassLoaderLogManager
23-Nov-2023 18:42:25.276 INFO [main] org.apache.catalina.startup.VersionLoggerListener.log Command line argument:             -javaagent:C:\Program Files\JetBrains\IntelliJ IDEA Community Edition 2023.1.2\lib\idea_rt.jar=1293:C:\Program Files\JetBrains\IntelliJ IDEA Community Edition 2023.1.2\bin
23-Nov-2023 18:42:25.276 INFO [main] org.apache.catalina.startup.VersionLoggerListener.log Command line argument:             -Dfile.encoding=UTF-8
23-Nov-2023 18:42:25.276 INFO [main] org.apache.catalina.startup.VersionLoggerListener.log Command line argument:             -Dsun.stdout.encoding=UTF-8
23-Nov-2023 18:42:25.276 INFO [main] org.apache.catalina.startup.VersionLoggerListener.log Command line argument:             -Dsun.stderr.encoding=UTF-8
23-Nov-2023 18:42:25.282 INFO [main] org.apache.catalina.core.AprLifecycleListener.lifecycleEvent Cargada la biblioteca nativa APR de Apache Tomcat [1.2.39] con la versión APR [1.7.4].
23-Nov-2023 18:42:25.282 INFO [main] org.apache.catalina.core.AprLifecycleListener.lifecycleEvent Capacidades APR: IPv6 [true], enviar fichero [true], aceptar filtros [false], aleatorio [true], UDS [true].
23-Nov-2023 18:42:25.282 INFO [main] org.apache.catalina.core.AprLifecycleListener.lifecycleEvent APR/OpenSSL configuration: useAprConnector [false], useOpenSSL [true]
23-Nov-2023 18:42:25.292 INFO [main] org.apache.catalina.core.AprLifecycleListener.initializeSSL OpenSSL inicializado correctamente [OpenSSL 3.0.11 19 Sep 2023]
23-Nov-2023 18:42:25.902 INFO [main] org.apache.coyote.AbstractProtocol.init Inicializando el manejador de protocolo ["http-nio-3307"]

23-Nov-2023 18:42:25.933 INFO [main] org.apache.catalina.startup.Catalina.load Server initialization in [1115] milliseconds
23-Nov-2023 18:42:26.015 INFO [main] org.apache.catalina.core.StandardService.startInternal Arrancando servicio [Catalina]
23-Nov-2023 18:42:26.015 INFO [main] org.apache.catalina.core.StandardEngine.startInternal Starting Servlet engine: [Apache Tomcat/9.0.83]
23-Nov-2023 18:42:26.033 INFO [main] org.apache.catalina.startup.HostConfig.deployDescriptor Desplieque del descriptor de configuración [C:\Users\Fernando\Desktop\final_cac_java-master\conf\Catalina\localhost\integrador_java.xml]
23-Nov-2023 18:42:27.832 INFO [main] org.apache.jasper.servlet.TldScanner.scanJars Al menos un JAR, que se ha explorado buscando TLDs, aún no contenía TLDs. Activar historial de depuración para este historiador para una completa lista de los JARs que fueron explorados y de los que nos se halló TLDs. Saltarse JARs no necesarios durante la exploración puede dar lugar a una mejora de tiempo significativa en el arranque y compilación de JSP .
23-Nov-2023 18:42:27.997 INFO [main] org.apache.catalina.startup.HostConfig.deployDescriptor Deployment of deployment descriptor [C:\Users\Fernando\Desktop\final_cac_java-master\conf\Catalina\localhost\integrador_java.xml] has finished in [1.958] ms
23-Nov-2023 18:42:28.005 INFO [main] org.apache.coyote.AbstractProtocol.start Starting ProtocolHandler ["http-nio-3307"]
23-Nov-2023 18:42:28.135 INFO [main] org.apache.catalina.startup.Catalina.start Server startup in [2199] milliseconds
23-Nov-2023 18:43:21.049 INFO [Thread-1] org.apache.coyote.AbstractProtocol.pause Pausing ProtocolHandler ["http-nio-3307"]
23-Nov-2023 18:43:21.063 INFO [Thread-1] org.apache.catalina.core.StandardService.stopInternal Parando servicio [Catalina]
23-Nov-2023 18:43:21.083 WARNING [Thread-1] org.apache.catalina.loader.WebappClassLoaderBase.clearReferencesJdbc La aplicación web [integrador_java] registró el conductor JDBC [com.mysql.cj.jdbc.Driver] pero falló al anular el registro mientras la aplicación web estaba parada. Para prevenir un fallo de memoria, se ha anulado el registro del conductor JDBC por la fuerza.
23-Nov-2023 18:43:21.086 WARNING [Thread-1] org.apache.catalina.loader.WebappClassLoaderBase.clearReferencesThreads The web application [integrador_java] appears to have started a thread named [mysql-cj-abandoned-connection-cleanup] but has failed to stop it. This is very likely to create a memory leak. Stack trace of thread:
 java.base/jdk.internal.misc.Unsafe.park(Native Method)
 java.base/java.util.concurrent.locks.LockSupport.parkNanos(LockSupport.java:269)
 java.base/java.util.concurrent.locks.AbstractQueuedSynchronizer$ConditionObject.await(AbstractQueuedSynchronizer.java:1847)
 java.base/java.lang.ref.ReferenceQueue.await(ReferenceQueue.java:71)
 java.base/java.lang.ref.ReferenceQueue.remove0(ReferenceQueue.java:143)
 java.base/java.lang.ref.ReferenceQueue.remove(ReferenceQueue.java:218)
 com.mysql.cj.jdbc.AbandonedConnectionCleanupThread.run(AbandonedConnectionCleanupThread.java:91)
 java.base/java.util.concurrent.ThreadPoolExecutor.runWorker(ThreadPoolExecutor.java:1144)
 java.base/java.util.concurrent.ThreadPoolExecutor$Worker.run(ThreadPoolExecutor.java:642)
 java.base/java.lang.Thread.run(Thread.java:1623)
23-Nov-2023 18:43:21.096 INFO [Thread-1] org.apache.coyote.AbstractProtocol.stop Stopping ProtocolHandler ["http-nio-3307"]
23-Nov-2023 18:43:21.103 INFO [Thread-1] org.apache.coyote.AbstractProtocol.destroy Destroying ProtocolHandler ["http-nio-3307"]
23-Nov-2023 18:43:30.493 INFO [main] org.apache.catalina.startup.VersionLoggerListener.log Nombre de la versión del servidor: Apache Tomcat/9.0.83
23-Nov-2023 18:43:30.499 INFO [main] org.apache.catalina.startup.VersionLoggerListener.log Server built:                      Nov 9 2023 20:57:42 UTC
23-Nov-2023 18:43:30.500 INFO [main] org.apache.catalina.startup.VersionLoggerListener.log Número de versión de servidor:     9.0.83.0
23-Nov-2023 18:43:30.501 INFO [main] org.apache.catalina.startup.VersionLoggerListener.log OS Name:                           Windows 10
23-Nov-2023 18:43:30.504 INFO [main] org.apache.catalina.startup.VersionLoggerListener.log Versión de Systema Operativo:      10.0
23-Nov-2023 18:43:30.504 INFO [main] org.apache.catalina.startup.VersionLoggerListener.log Arquitectura:                      amd64
23-Nov-2023 18:43:30.505 INFO [main] org.apache.catalina.startup.VersionLoggerListener.log Java Home:                         C:\Program Files\Java\jdk-20
23-Nov-2023 18:43:30.505 INFO [main] org.apache.catalina.startup.VersionLoggerListener.log JVM Version:                       20+36-2344
23-Nov-2023 18:43:30.505 INFO [main] org.apache.catalina.startup.VersionLoggerListener.log Vededor JVM:                       Oracle Corporation
23-Nov-2023 18:43:30.506 INFO [main] org.apache.catalina.startup.VersionLoggerListener.log CATALINA_BASE:                     C:\Users\Fernando\Desktop\final_cac_java-master
23-Nov-2023 18:43:30.506 INFO [main] org.apache.catalina.startup.VersionLoggerListener.log CATALINA_HOME:                     C:\Users\Fernando\Downloads\apache-tomcat-9.0.83
23-Nov-2023 18:43:30.519 INFO [main] org.apache.catalina.startup.VersionLoggerListener.log Command line argument:             --add-opens=java.base/java.lang=ALL-UNNAMED
23-Nov-2023 18:43:30.520 INFO [main] org.apache.catalina.startup.VersionLoggerListener.log Command line argument:             --add-opens=java.base/java.io=ALL-UNNAMED
23-Nov-2023 18:43:30.520 INFO [main] org.apache.catalina.startup.VersionLoggerListener.log Command line argument:             --add-opens=java.base/java.util=ALL-UNNAMED
23-Nov-2023 18:43:30.520 INFO [main] org.apache.catalina.startup.VersionLoggerListener.log Command line argument:             --add-opens=java.base/java.util.concurrent=ALL-UNNAMED
23-Nov-2023 18:43:30.520 INFO [main] org.apache.catalina.startup.VersionLoggerListener.log Command line argument:             --add-opens=java.rmi/sun.rmi.transport=ALL-UNNAMED
23-Nov-2023 18:43:30.520 INFO [main] org.apache.catalina.startup.VersionLoggerListener.log Command line argument:             -Dcatalina.home=C:\Users\Fernando\Downloads\apache-tomcat-9.0.83
23-Nov-2023 18:43:30.520 INFO [main] org.apache.catalina.startup.VersionLoggerListener.log Command line argument:             -Dcatalina.base=C:\Users\Fernando\Desktop\final_cac_java-master
23-Nov-2023 18:43:30.520 INFO [main] org.apache.catalina.startup.VersionLoggerListener.log Command line argument:             -Djava.io.tmpdir=C:\Users\Fernando\Desktop\final_cac_java-master\temp
23-Nov-2023 18:43:30.521 INFO [main] org.apache.catalina.startup.VersionLoggerListener.log Command line argument:             -Djava.util.logging.config.file=C:\Users\Fernando\Desktop\final_cac_java-master\conf\logging.properties
23-Nov-2023 18:43:30.521 INFO [main] org.apache.catalina.startup.VersionLoggerListener.log Command line argument:             -Djava.util.logging.manager=org.apache.juli.ClassLoaderLogManager
23-Nov-2023 18:43:30.521 INFO [main] org.apache.catalina.startup.VersionLoggerListener.log Command line argument:             -javaagent:C:\Program Files\JetBrains\IntelliJ IDEA Community Edition 2023.1.2\lib\idea_rt.jar=1303:C:\Program Files\JetBrains\IntelliJ IDEA Community Edition 2023.1.2\bin
23-Nov-2023 18:43:30.521 INFO [main] org.apache.catalina.startup.VersionLoggerListener.log Command line argument:             -Dfile.encoding=UTF-8
23-Nov-2023 18:43:30.521 INFO [main] org.apache.catalina.startup.VersionLoggerListener.log Command line argument:             -Dsun.stdout.encoding=UTF-8
23-Nov-2023 18:43:30.521 INFO [main] org.apache.catalina.startup.VersionLoggerListener.log Command line argument:             -Dsun.stderr.encoding=UTF-8
23-Nov-2023 18:43:30.527 INFO [main] org.apache.catalina.core.AprLifecycleListener.lifecycleEvent Cargada la biblioteca nativa APR de Apache Tomcat [1.2.39] con la versión APR [1.7.4].
23-Nov-2023 18:43:30.528 INFO [main] org.apache.catalina.core.AprLifecycleListener.lifecycleEvent Capacidades APR: IPv6 [true], enviar fichero [true], aceptar filtros [false], aleatorio [true], UDS [true].
23-Nov-2023 18:43:30.528 INFO [main] org.apache.catalina.core.AprLifecycleListener.lifecycleEvent APR/OpenSSL configuration: useAprConnector [false], useOpenSSL [true]
23-Nov-2023 18:43:30.539 INFO [main] org.apache.catalina.core.AprLifecycleListener.initializeSSL OpenSSL inicializado correctamente [OpenSSL 3.0.11 19 Sep 2023]
23-Nov-2023 18:43:31.145 INFO [main] org.apache.coyote.AbstractProtocol.init Inicializando el manejador de protocolo ["http-nio-3307"]

23-Nov-2023 18:43:31.182 INFO [main] org.apache.catalina.startup.Catalina.load Server initialization in [1183] milliseconds
23-Nov-2023 18:43:31.273 INFO [main] org.apache.catalina.core.StandardService.startInternal Arrancando servicio [Catalina]
23-Nov-2023 18:43:31.273 INFO [main] org.apache.catalina.core.StandardEngine.startInternal Starting Servlet engine: [Apache Tomcat/9.0.83]
23-Nov-2023 18:43:31.292 INFO [main] org.apache.catalina.startup.HostConfig.deployDescriptor Desplieque del descriptor de configuración [C:\Users\Fernando\Desktop\final_cac_java-master\conf\Catalina\localhost\integrador_java.xml]
23-Nov-2023 18:43:32.942 INFO [main] org.apache.jasper.servlet.TldScanner.scanJars Al menos un JAR, que se ha explorado buscando TLDs, aún no contenía TLDs. Activar historial de depuración para este historiador para una completa lista de los JARs que fueron explorados y de los que nos se halló TLDs. Saltarse JARs no necesarios durante la exploración puede dar lugar a una mejora de tiempo significativa en el arranque y compilación de JSP .
23-Nov-2023 18:43:33.117 INFO [main] org.apache.catalina.startup.HostConfig.deployDescriptor Deployment of deployment descriptor [C:\Users\Fernando\Desktop\final_cac_java-master\conf\Catalina\localhost\integrador_java.xml] has finished in [1.821] ms
23-Nov-2023 18:43:33.123 INFO [main] org.apache.coyote.AbstractProtocol.start Starting ProtocolHandler ["http-nio-3307"]
23-Nov-2023 18:43:33.222 INFO [main] org.apache.catalina.startup.Catalina.start Server startup in [2037] milliseconds
23-Nov-2023 18:44:39.258 INFO [Thread-1] org.apache.coyote.AbstractProtocol.pause Pausing ProtocolHandler ["http-nio-3307"]
23-Nov-2023 18:44:39.269 INFO [Thread-1] org.apache.catalina.core.StandardService.stopInternal Parando servicio [Catalina]
23-Nov-2023 18:44:39.282 WARNING [Thread-1] org.apache.catalina.loader.WebappClassLoaderBase.clearReferencesJdbc La aplicación web [integrador_java] registró el conductor JDBC [com.mysql.cj.jdbc.Driver] pero falló al anular el registro mientras la aplicación web estaba parada. Para prevenir un fallo de memoria, se ha anulado el registro del conductor JDBC por la fuerza.
23-Nov-2023 18:44:39.285 WARNING [Thread-1] org.apache.catalina.loader.WebappClassLoaderBase.clearReferencesThreads The web application [integrador_java] appears to have started a thread named [mysql-cj-abandoned-connection-cleanup] but has failed to stop it. This is very likely to create a memory leak. Stack trace of thread:
 java.base/jdk.internal.misc.Unsafe.park(Native Method)
 java.base/java.util.concurrent.locks.LockSupport.parkNanos(LockSupport.java:269)
 java.base/java.util.concurrent.locks.AbstractQueuedSynchronizer$ConditionObject.await(AbstractQueuedSynchronizer.java:1847)
 java.base/java.lang.ref.ReferenceQueue.await(ReferenceQueue.java:71)
 java.base/java.lang.ref.ReferenceQueue.remove0(ReferenceQueue.java:143)
 java.base/java.lang.ref.ReferenceQueue.remove(ReferenceQueue.java:218)
 com.mysql.cj.jdbc.AbandonedConnectionCleanupThread.run(AbandonedConnectionCleanupThread.java:91)
 java.base/java.util.concurrent.ThreadPoolExecutor.runWorker(ThreadPoolExecutor.java:1144)
 java.base/java.util.concurrent.ThreadPoolExecutor$Worker.run(ThreadPoolExecutor.java:642)
 java.base/java.lang.Thread.run(Thread.java:1623)
23-Nov-2023 18:44:39.304 INFO [Thread-1] org.apache.coyote.AbstractProtocol.stop Stopping ProtocolHandler ["http-nio-3307"]
23-Nov-2023 18:44:39.312 INFO [Thread-1] org.apache.coyote.AbstractProtocol.destroy Destroying ProtocolHandler ["http-nio-3307"]
23-Nov-2023 18:44:48.874 INFO [main] org.apache.catalina.startup.VersionLoggerListener.log Nombre de la versión del servidor: Apache Tomcat/9.0.83
23-Nov-2023 18:44:48.888 INFO [main] org.apache.catalina.startup.VersionLoggerListener.log Server built:                      Nov 9 2023 20:57:42 UTC
23-Nov-2023 18:44:48.891 INFO [main] org.apache.catalina.startup.VersionLoggerListener.log Número de versión de servidor:     9.0.83.0
23-Nov-2023 18:44:48.892 INFO [main] org.apache.catalina.startup.VersionLoggerListener.log OS Name:                           Windows 10
23-Nov-2023 18:44:48.892 INFO [main] org.apache.catalina.startup.VersionLoggerListener.log Versión de Systema Operativo:      10.0
23-Nov-2023 18:44:48.892 INFO [main] org.apache.catalina.startup.VersionLoggerListener.log Arquitectura:                      amd64
23-Nov-2023 18:44:48.892 INFO [main] org.apache.catalina.startup.VersionLoggerListener.log Java Home:                         C:\Program Files\Java\jdk-20
23-Nov-2023 18:44:48.893 INFO [main] org.apache.catalina.startup.VersionLoggerListener.log JVM Version:                       20+36-2344
23-Nov-2023 18:44:48.893 INFO [main] org.apache.catalina.startup.VersionLoggerListener.log Vededor JVM:                       Oracle Corporation
23-Nov-2023 18:44:48.893 INFO [main] org.apache.catalina.startup.VersionLoggerListener.log CATALINA_BASE:                     C:\Users\Fernando\Desktop\final_cac_java-master
23-Nov-2023 18:44:48.893 INFO [main] org.apache.catalina.startup.VersionLoggerListener.log CATALINA_HOME:                     C:\Users\Fernando\Downloads\apache-tomcat-9.0.83
23-Nov-2023 18:44:48.904 INFO [main] org.apache.catalina.startup.VersionLoggerListener.log Command line argument:             --add-opens=java.base/java.lang=ALL-UNNAMED
23-Nov-2023 18:44:48.904 INFO [main] org.apache.catalina.startup.VersionLoggerListener.log Command line argument:             --add-opens=java.base/java.io=ALL-UNNAMED
23-Nov-2023 18:44:48.904 INFO [main] org.apache.catalina.startup.VersionLoggerListener.log Command line argument:             --add-opens=java.base/java.util=ALL-UNNAMED
23-Nov-2023 18:44:48.904 INFO [main] org.apache.catalina.startup.VersionLoggerListener.log Command line argument:             --add-opens=java.base/java.util.concurrent=ALL-UNNAMED
23-Nov-2023 18:44:48.904 INFO [main] org.apache.catalina.startup.VersionLoggerListener.log Command line argument:             --add-opens=java.rmi/sun.rmi.transport=ALL-UNNAMED
23-Nov-2023 18:44:48.905 INFO [main] org.apache.catalina.startup.VersionLoggerListener.log Command line argument:             -Dcatalina.home=C:\Users\Fernando\Downloads\apache-tomcat-9.0.83
23-Nov-2023 18:44:48.907 INFO [main] org.apache.catalina.startup.VersionLoggerListener.log Command line argument:             -Dcatalina.base=C:\Users\Fernando\Desktop\final_cac_java-master
23-Nov-2023 18:44:48.908 INFO [main] org.apache.catalina.startup.VersionLoggerListener.log Command line argument:             -Djava.io.tmpdir=C:\Users\Fernando\Desktop\final_cac_java-master\temp
23-Nov-2023 18:44:48.908 INFO [main] org.apache.catalina.startup.VersionLoggerListener.log Command line argument:             -Djava.util.logging.config.file=C:\Users\Fernando\Desktop\final_cac_java-master\conf\logging.properties
23-Nov-2023 18:44:48.908 INFO [main] org.apache.catalina.startup.VersionLoggerListener.log Command line argument:             -Djava.util.logging.manager=org.apache.juli.ClassLoaderLogManager
23-Nov-2023 18:44:48.908 INFO [main] org.apache.catalina.startup.VersionLoggerListener.log Command line argument:             -javaagent:C:\Program Files\JetBrains\IntelliJ IDEA Community Edition 2023.1.2\lib\idea_rt.jar=1315:C:\Program Files\JetBrains\IntelliJ IDEA Community Edition 2023.1.2\bin
23-Nov-2023 18:44:48.908 INFO [main] org.apache.catalina.startup.VersionLoggerListener.log Command line argument:             -Dfile.encoding=UTF-8
23-Nov-2023 18:44:48.909 INFO [main] org.apache.catalina.startup.VersionLoggerListener.log Command line argument:             -Dsun.stdout.encoding=UTF-8
23-Nov-2023 18:44:48.909 INFO [main] org.apache.catalina.startup.VersionLoggerListener.log Command line argument:             -Dsun.stderr.encoding=UTF-8
23-Nov-2023 18:44:48.916 INFO [main] org.apache.catalina.core.AprLifecycleListener.lifecycleEvent Cargada la biblioteca nativa APR de Apache Tomcat [1.2.39] con la versión APR [1.7.4].
23-Nov-2023 18:44:48.916 INFO [main] org.apache.catalina.core.AprLifecycleListener.lifecycleEvent Capacidades APR: IPv6 [true], enviar fichero [true], aceptar filtros [false], aleatorio [true], UDS [true].
23-Nov-2023 18:44:48.917 INFO [main] org.apache.catalina.core.AprLifecycleListener.lifecycleEvent APR/OpenSSL configuration: useAprConnector [false], useOpenSSL [true]
23-Nov-2023 18:44:48.927 INFO [main] org.apache.catalina.core.AprLifecycleListener.initializeSSL OpenSSL inicializado correctamente [OpenSSL 3.0.11 19 Sep 2023]
23-Nov-2023 18:44:49.761 INFO [main] org.apache.coyote.AbstractProtocol.init Inicializando el manejador de protocolo ["http-nio-3307"]

23-Nov-2023 18:44:49.793 INFO [main] org.apache.catalina.startup.Catalina.load Server initialization in [1324] milliseconds
23-Nov-2023 18:44:49.885 INFO [main] org.apache.catalina.core.StandardService.startInternal Arrancando servicio [Catalina]
23-Nov-2023 18:44:49.886 INFO [main] org.apache.catalina.core.StandardEngine.startInternal Starting Servlet engine: [Apache Tomcat/9.0.83]
23-Nov-2023 18:44:49.901 INFO [main] org.apache.catalina.startup.HostConfig.deployDescriptor Desplieque del descriptor de configuración [C:\Users\Fernando\Desktop\final_cac_java-master\conf\Catalina\localhost\integrador_java.xml]
23-Nov-2023 18:44:51.598 INFO [main] org.apache.jasper.servlet.TldScanner.scanJars Al menos un JAR, que se ha explorado buscando TLDs, aún no contenía TLDs. Activar historial de depuración para este historiador para una completa lista de los JARs que fueron explorados y de los que nos se halló TLDs. Saltarse JARs no necesarios durante la exploración puede dar lugar a una mejora de tiempo significativa en el arranque y compilación de JSP .
23-Nov-2023 18:44:51.805 INFO [main] org.apache.catalina.startup.HostConfig.deployDescriptor Deployment of deployment descriptor [C:\Users\Fernando\Desktop\final_cac_java-master\conf\Catalina\localhost\integrador_java.xml] has finished in [1.898] ms
23-Nov-2023 18:44:51.811 INFO [main] org.apache.coyote.AbstractProtocol.start Starting ProtocolHandler ["http-nio-3307"]
23-Nov-2023 18:44:51.906 INFO [main] org.apache.catalina.startup.Catalina.start Server startup in [2110] milliseconds
23-Nov-2023 18:45:32.757 INFO [Thread-1] org.apache.coyote.AbstractProtocol.pause Pausing ProtocolHandler ["http-nio-3307"]
23-Nov-2023 18:45:32.768 INFO [Thread-1] org.apache.catalina.core.StandardService.stopInternal Parando servicio [Catalina]
23-Nov-2023 18:45:32.780 WARNING [Thread-1] org.apache.catalina.loader.WebappClassLoaderBase.clearReferencesJdbc La aplicación web [integrador_java] registró el conductor JDBC [com.mysql.cj.jdbc.Driver] pero falló al anular el registro mientras la aplicación web estaba parada. Para prevenir un fallo de memoria, se ha anulado el registro del conductor JDBC por la fuerza.
23-Nov-2023 18:45:32.783 WARNING [Thread-1] org.apache.catalina.loader.WebappClassLoaderBase.clearReferencesThreads The web application [integrador_java] appears to have started a thread named [mysql-cj-abandoned-connection-cleanup] but has failed to stop it. This is very likely to create a memory leak. Stack trace of thread:
 java.base/jdk.internal.misc.Unsafe.park(Native Method)
 java.base/java.util.concurrent.locks.LockSupport.parkNanos(LockSupport.java:269)
 java.base/java.util.concurrent.locks.AbstractQueuedSynchronizer$ConditionObject.await(AbstractQueuedSynchronizer.java:1847)
 java.base/java.lang.ref.ReferenceQueue.await(ReferenceQueue.java:71)
 java.base/java.lang.ref.ReferenceQueue.remove0(ReferenceQueue.java:143)
 java.base/java.lang.ref.ReferenceQueue.remove(ReferenceQueue.java:218)
 com.mysql.cj.jdbc.AbandonedConnectionCleanupThread.run(AbandonedConnectionCleanupThread.java:91)
 java.base/java.util.concurrent.ThreadPoolExecutor.runWorker(ThreadPoolExecutor.java:1144)
 java.base/java.util.concurrent.ThreadPoolExecutor$Worker.run(ThreadPoolExecutor.java:642)
 java.base/java.lang.Thread.run(Thread.java:1623)
23-Nov-2023 18:45:32.797 INFO [Thread-1] org.apache.coyote.AbstractProtocol.stop Stopping ProtocolHandler ["http-nio-3307"]
23-Nov-2023 18:45:32.808 INFO [Thread-1] org.apache.coyote.AbstractProtocol.destroy Destroying ProtocolHandler ["http-nio-3307"]
