09-Dec-2023 08:08:05.184 INFO [main] org.apache.catalina.startup.VersionLoggerListener.log Nombre de la versión del servidor: Apache Tomcat/9.0.83
09-Dec-2023 08:08:05.200 INFO [main] org.apache.catalina.startup.VersionLoggerListener.log Server built:                      Nov 9 2023 20:57:42 UTC
09-Dec-2023 08:08:05.200 INFO [main] org.apache.catalina.startup.VersionLoggerListener.log Número de versión de servidor:     9.0.83.0
09-Dec-2023 08:08:05.200 INFO [main] org.apache.catalina.startup.VersionLoggerListener.log OS Name:                           Windows 10
09-Dec-2023 08:08:05.200 INFO [main] org.apache.catalina.startup.VersionLoggerListener.log Versión de Systema Operativo:      10.0
09-Dec-2023 08:08:05.200 INFO [main] org.apache.catalina.startup.VersionLoggerListener.log Arquitectura:                      amd64
09-Dec-2023 08:08:05.201 INFO [main] org.apache.catalina.startup.VersionLoggerListener.log Java Home:                         C:\Program Files\Java\jdk-21
09-Dec-2023 08:08:05.202 INFO [main] org.apache.catalina.startup.VersionLoggerListener.log JVM Version:                       21.0.1+12-LTS-29
09-Dec-2023 08:08:05.203 INFO [main] org.apache.catalina.startup.VersionLoggerListener.log Vededor JVM:                       Oracle Corporation
09-Dec-2023 08:08:05.204 INFO [main] org.apache.catalina.startup.VersionLoggerListener.log CATALINA_BASE:                     C:\Users\adria\Desktop\CaC-G1-TpFinal-1
09-Dec-2023 08:08:05.206 INFO [main] org.apache.catalina.startup.VersionLoggerListener.log CATALINA_HOME:                     C:\apache-tomcat-9.0.83
09-Dec-2023 08:08:05.219 INFO [main] org.apache.catalina.startup.VersionLoggerListener.log Command line argument:             --add-opens=java.base/java.lang=ALL-UNNAMED
09-Dec-2023 08:08:05.220 INFO [main] org.apache.catalina.startup.VersionLoggerListener.log Command line argument:             --add-opens=java.base/java.io=ALL-UNNAMED
09-Dec-2023 08:08:05.220 INFO [main] org.apache.catalina.startup.VersionLoggerListener.log Command line argument:             --add-opens=java.base/java.util=ALL-UNNAMED
09-Dec-2023 08:08:05.220 INFO [main] org.apache.catalina.startup.VersionLoggerListener.log Command line argument:             --add-opens=java.base/java.util.concurrent=ALL-UNNAMED
09-Dec-2023 08:08:05.220 INFO [main] org.apache.catalina.startup.VersionLoggerListener.log Command line argument:             --add-opens=java.rmi/sun.rmi.transport=ALL-UNNAMED
09-Dec-2023 08:08:05.220 INFO [main] org.apache.catalina.startup.VersionLoggerListener.log Command line argument:             -Dcatalina.home=C:\apache-tomcat-9.0.83
09-Dec-2023 08:08:05.220 INFO [main] org.apache.catalina.startup.VersionLoggerListener.log Command line argument:             -Dcatalina.base=C:\Users\adria\Desktop\CaC-G1-TpFinal-1
09-Dec-2023 08:08:05.220 INFO [main] org.apache.catalina.startup.VersionLoggerListener.log Command line argument:             -Djava.io.tmpdir=C:\Users\adria\Desktop\CaC-G1-TpFinal-1\temp
09-Dec-2023 08:08:05.220 INFO [main] org.apache.catalina.startup.VersionLoggerListener.log Command line argument:             -Djava.util.logging.config.file=C:\Users\adria\Desktop\CaC-G1-TpFinal-1\conf\logging.properties
09-Dec-2023 08:08:05.221 INFO [main] org.apache.catalina.startup.VersionLoggerListener.log Command line argument:             -Djava.util.logging.manager=org.apache.juli.ClassLoaderLogManager
09-Dec-2023 08:08:05.221 INFO [main] org.apache.catalina.startup.VersionLoggerListener.log Command line argument:             -javaagent:C:\Program Files\JetBrains\IntelliJ IDEA 2023.2.5\lib\idea_rt.jar=50959:C:\Program Files\JetBrains\IntelliJ IDEA 2023.2.5\bin
09-Dec-2023 08:08:05.221 INFO [main] org.apache.catalina.startup.VersionLoggerListener.log Command line argument:             -Dfile.encoding=UTF-8
09-Dec-2023 08:08:05.221 INFO [main] org.apache.catalina.startup.VersionLoggerListener.log Command line argument:             -Dsun.stdout.encoding=UTF-8
09-Dec-2023 08:08:05.221 INFO [main] org.apache.catalina.startup.VersionLoggerListener.log Command line argument:             -Dsun.stderr.encoding=UTF-8
09-Dec-2023 08:08:05.286 INFO [main] org.apache.catalina.core.AprLifecycleListener.lifecycleEvent Cargada la biblioteca nativa APR de Apache Tomcat [1.2.39] con la versión APR [1.7.4].
09-Dec-2023 08:08:05.287 INFO [main] org.apache.catalina.core.AprLifecycleListener.lifecycleEvent Capacidades APR: IPv6 [true], enviar fichero [true], aceptar filtros [false], aleatorio [true], UDS [true].
09-Dec-2023 08:08:05.287 INFO [main] org.apache.catalina.core.AprLifecycleListener.lifecycleEvent APR/OpenSSL configuration: useAprConnector [false], useOpenSSL [true]
09-Dec-2023 08:08:05.337 INFO [main] org.apache.catalina.core.AprLifecycleListener.initializeSSL OpenSSL inicializado correctamente [OpenSSL 3.0.11 19 Sep 2023]
09-Dec-2023 08:08:06.766 INFO [main] org.apache.coyote.AbstractProtocol.init Inicializando el manejador de protocolo ["http-nio-8080"]

09-Dec-2023 08:08:06.856 INFO [main] org.apache.catalina.startup.Catalina.load Server initialization in [2597] milliseconds
09-Dec-2023 08:08:07.051 INFO [main] org.apache.catalina.core.StandardService.startInternal Arrancando servicio [Catalina]
09-Dec-2023 08:08:07.052 INFO [main] org.apache.catalina.core.StandardEngine.startInternal Starting Servlet engine: [Apache Tomcat/9.0.83]
09-Dec-2023 08:08:07.081 INFO [main] org.apache.catalina.startup.HostConfig.deployDescriptor Desplieque del descriptor de configuración [C:\Users\adria\Desktop\CaC-G1-TpFinal-1\conf\Catalina\localhost\integrador_java.xml]
09-Dec-2023 08:08:07.125 WARNING [main] org.apache.catalina.startup.HostConfig.deployDescriptor The path attribute with value [/integrador_java] in deployment descriptor [C:\Users\adria\Desktop\CaC-G1-TpFinal-1\conf\Catalina\localhost\integrador_java.xml] has been ignored
09-Dec-2023 08:08:09.257 INFO [main] org.apache.jasper.servlet.TldScanner.scanJars Al menos un JAR, que se ha explorado buscando TLDs, aún no contenía TLDs. Activar historial de depuración para este historiador para una completa lista de los JARs que fueron explorados y de los que nos se halló TLDs. Saltarse JARs no necesarios durante la exploración puede dar lugar a una mejora de tiempo significativa en el arranque y compilación de JSP .
09-Dec-2023 08:08:09.339 INFO [main] org.apache.catalina.startup.HostConfig.deployDescriptor Deployment of deployment descriptor [C:\Users\adria\Desktop\CaC-G1-TpFinal-1\conf\Catalina\localhost\integrador_java.xml] has finished in [2.253] ms
09-Dec-2023 08:08:09.343 INFO [main] org.apache.coyote.AbstractProtocol.start Starting ProtocolHandler ["http-nio-8080"]
09-Dec-2023 08:08:09.376 INFO [main] org.apache.catalina.startup.Catalina.start Server startup in [2518] milliseconds
09-Dec-2023 08:12:45.205 INFO [Thread-1] org.apache.coyote.AbstractProtocol.pause Pausing ProtocolHandler ["http-nio-8080"]
09-Dec-2023 08:12:45.212 INFO [Thread-1] org.apache.catalina.core.StandardService.stopInternal Parando servicio [Catalina]
09-Dec-2023 08:12:45.236 INFO [Thread-1] org.apache.coyote.AbstractProtocol.stop Stopping ProtocolHandler ["http-nio-8080"]
09-Dec-2023 08:12:45.247 INFO [Thread-1] org.apache.coyote.AbstractProtocol.destroy Destroying ProtocolHandler ["http-nio-8080"]
09-Dec-2023 08:12:55.137 INFO [main] org.apache.catalina.startup.VersionLoggerListener.log Nombre de la versión del servidor: Apache Tomcat/9.0.83
09-Dec-2023 08:12:55.142 INFO [main] org.apache.catalina.startup.VersionLoggerListener.log Server built:                      Nov 9 2023 20:57:42 UTC
09-Dec-2023 08:12:55.142 INFO [main] org.apache.catalina.startup.VersionLoggerListener.log Número de versión de servidor:     9.0.83.0
09-Dec-2023 08:12:55.143 INFO [main] org.apache.catalina.startup.VersionLoggerListener.log OS Name:                           Windows 10
09-Dec-2023 08:12:55.143 INFO [main] org.apache.catalina.startup.VersionLoggerListener.log Versión de Systema Operativo:      10.0
09-Dec-2023 08:12:55.143 INFO [main] org.apache.catalina.startup.VersionLoggerListener.log Arquitectura:                      amd64
09-Dec-2023 08:12:55.143 INFO [main] org.apache.catalina.startup.VersionLoggerListener.log Java Home:                         C:\Program Files\Java\jdk-21
09-Dec-2023 08:12:55.143 INFO [main] org.apache.catalina.startup.VersionLoggerListener.log JVM Version:                       21.0.1+12-LTS-29
09-Dec-2023 08:12:55.143 INFO [main] org.apache.catalina.startup.VersionLoggerListener.log Vededor JVM:                       Oracle Corporation
09-Dec-2023 08:12:55.143 INFO [main] org.apache.catalina.startup.VersionLoggerListener.log CATALINA_BASE:                     C:\Users\adria\Desktop\CaC-G1-TpFinal-1
09-Dec-2023 08:12:55.143 INFO [main] org.apache.catalina.startup.VersionLoggerListener.log CATALINA_HOME:                     C:\apache-tomcat-9.0.83
09-Dec-2023 08:12:55.157 INFO [main] org.apache.catalina.startup.VersionLoggerListener.log Command line argument:             --add-opens=java.base/java.lang=ALL-UNNAMED
09-Dec-2023 08:12:55.157 INFO [main] org.apache.catalina.startup.VersionLoggerListener.log Command line argument:             --add-opens=java.base/java.io=ALL-UNNAMED
09-Dec-2023 08:12:55.157 INFO [main] org.apache.catalina.startup.VersionLoggerListener.log Command line argument:             --add-opens=java.base/java.util=ALL-UNNAMED
09-Dec-2023 08:12:55.157 INFO [main] org.apache.catalina.startup.VersionLoggerListener.log Command line argument:             --add-opens=java.base/java.util.concurrent=ALL-UNNAMED
09-Dec-2023 08:12:55.158 INFO [main] org.apache.catalina.startup.VersionLoggerListener.log Command line argument:             --add-opens=java.rmi/sun.rmi.transport=ALL-UNNAMED
09-Dec-2023 08:12:55.158 INFO [main] org.apache.catalina.startup.VersionLoggerListener.log Command line argument:             -Dcatalina.home=C:\apache-tomcat-9.0.83
09-Dec-2023 08:12:55.158 INFO [main] org.apache.catalina.startup.VersionLoggerListener.log Command line argument:             -Dcatalina.base=C:\Users\adria\Desktop\CaC-G1-TpFinal-1
09-Dec-2023 08:12:55.158 INFO [main] org.apache.catalina.startup.VersionLoggerListener.log Command line argument:             -Djava.io.tmpdir=C:\Users\adria\Desktop\CaC-G1-TpFinal-1\temp
09-Dec-2023 08:12:55.159 INFO [main] org.apache.catalina.startup.VersionLoggerListener.log Command line argument:             -Djava.util.logging.config.file=C:\Users\adria\Desktop\CaC-G1-TpFinal-1\conf\logging.properties
09-Dec-2023 08:12:55.159 INFO [main] org.apache.catalina.startup.VersionLoggerListener.log Command line argument:             -Djava.util.logging.manager=org.apache.juli.ClassLoaderLogManager
09-Dec-2023 08:12:55.159 INFO [main] org.apache.catalina.startup.VersionLoggerListener.log Command line argument:             -javaagent:C:\Program Files\JetBrains\IntelliJ IDEA 2023.2.5\lib\idea_rt.jar=51186:C:\Program Files\JetBrains\IntelliJ IDEA 2023.2.5\bin
09-Dec-2023 08:12:55.159 INFO [main] org.apache.catalina.startup.VersionLoggerListener.log Command line argument:             -Dfile.encoding=UTF-8
09-Dec-2023 08:12:55.159 INFO [main] org.apache.catalina.startup.VersionLoggerListener.log Command line argument:             -Dsun.stdout.encoding=UTF-8
09-Dec-2023 08:12:55.159 INFO [main] org.apache.catalina.startup.VersionLoggerListener.log Command line argument:             -Dsun.stderr.encoding=UTF-8
09-Dec-2023 08:12:55.197 INFO [main] org.apache.catalina.core.AprLifecycleListener.lifecycleEvent Cargada la biblioteca nativa APR de Apache Tomcat [1.2.39] con la versión APR [1.7.4].
09-Dec-2023 08:12:55.198 INFO [main] org.apache.catalina.core.AprLifecycleListener.lifecycleEvent Capacidades APR: IPv6 [true], enviar fichero [true], aceptar filtros [false], aleatorio [true], UDS [true].
09-Dec-2023 08:12:55.198 INFO [main] org.apache.catalina.core.AprLifecycleListener.lifecycleEvent APR/OpenSSL configuration: useAprConnector [false], useOpenSSL [true]
09-Dec-2023 08:12:55.206 INFO [main] org.apache.catalina.core.AprLifecycleListener.initializeSSL OpenSSL inicializado correctamente [OpenSSL 3.0.11 19 Sep 2023]
09-Dec-2023 08:12:55.840 INFO [main] org.apache.coyote.AbstractProtocol.init Inicializando el manejador de protocolo ["http-nio-8080"]

09-Dec-2023 08:12:55.875 INFO [main] org.apache.catalina.startup.Catalina.load Server initialization in [1127] milliseconds
09-Dec-2023 08:12:55.972 INFO [main] org.apache.catalina.core.StandardService.startInternal Arrancando servicio [Catalina]
09-Dec-2023 08:12:55.974 INFO [main] org.apache.catalina.core.StandardEngine.startInternal Starting Servlet engine: [Apache Tomcat/9.0.83]
09-Dec-2023 08:12:55.997 INFO [main] org.apache.catalina.startup.HostConfig.deployDescriptor Desplieque del descriptor de configuración [C:\Users\adria\Desktop\CaC-G1-TpFinal-1\conf\Catalina\localhost\integrador_java.xml]
09-Dec-2023 08:12:56.026 WARNING [main] org.apache.catalina.startup.HostConfig.deployDescriptor The path attribute with value [/integrador_java] in deployment descriptor [C:\Users\adria\Desktop\CaC-G1-TpFinal-1\conf\Catalina\localhost\integrador_java.xml] has been ignored
09-Dec-2023 08:12:57.439 INFO [main] org.apache.jasper.servlet.TldScanner.scanJars Al menos un JAR, que se ha explorado buscando TLDs, aún no contenía TLDs. Activar historial de depuración para este historiador para una completa lista de los JARs que fueron explorados y de los que nos se halló TLDs. Saltarse JARs no necesarios durante la exploración puede dar lugar a una mejora de tiempo significativa en el arranque y compilación de JSP .
09-Dec-2023 08:12:57.522 INFO [main] org.apache.catalina.startup.HostConfig.deployDescriptor Deployment of deployment descriptor [C:\Users\adria\Desktop\CaC-G1-TpFinal-1\conf\Catalina\localhost\integrador_java.xml] has finished in [1.520] ms
09-Dec-2023 08:12:57.531 INFO [main] org.apache.coyote.AbstractProtocol.start Starting ProtocolHandler ["http-nio-8080"]
09-Dec-2023 08:12:57.572 INFO [main] org.apache.catalina.startup.Catalina.start Server startup in [1693] milliseconds
09-Dec-2023 08:21:47.568 INFO [Thread-1] org.apache.coyote.AbstractProtocol.pause Pausing ProtocolHandler ["http-nio-8080"]
09-Dec-2023 08:21:47.572 INFO [Thread-1] org.apache.catalina.core.StandardService.stopInternal Parando servicio [Catalina]
09-Dec-2023 08:21:47.598 WARNING [Thread-1] org.apache.catalina.loader.WebappClassLoaderBase.clearReferencesJdbc La aplicación web [integrador_java] registró el conductor JDBC [com.mysql.cj.jdbc.Driver] pero falló al anular el registro mientras la aplicación web estaba parada. Para prevenir un fallo de memoria, se ha anulado el registro del conductor JDBC por la fuerza.
09-Dec-2023 08:21:47.599 WARNING [Thread-1] org.apache.catalina.loader.WebappClassLoaderBase.clearReferencesThreads The web application [integrador_java] appears to have started a thread named [mysql-cj-abandoned-connection-cleanup] but has failed to stop it. This is very likely to create a memory leak. Stack trace of thread:
 java.base/jdk.internal.misc.Unsafe.park(Native Method)
 java.base/java.util.concurrent.locks.LockSupport.parkNanos(LockSupport.java:269)
 java.base/java.util.concurrent.locks.AbstractQueuedSynchronizer$ConditionObject.await(AbstractQueuedSynchronizer.java:1847)
 java.base/java.lang.ref.ReferenceQueue.await(ReferenceQueue.java:71)
 java.base/java.lang.ref.ReferenceQueue.remove0(ReferenceQueue.java:143)
 java.base/java.lang.ref.ReferenceQueue.remove(ReferenceQueue.java:218)
 com.mysql.cj.jdbc.AbandonedConnectionCleanupThread.run(AbandonedConnectionCleanupThread.java:91)
 java.base/java.util.concurrent.ThreadPoolExecutor.runWorker(ThreadPoolExecutor.java:1144)
 java.base/java.util.concurrent.ThreadPoolExecutor$Worker.run(ThreadPoolExecutor.java:642)
 java.base/java.lang.Thread.run(Thread.java:1583)
09-Dec-2023 08:21:47.618 INFO [Thread-1] org.apache.coyote.AbstractProtocol.stop Stopping ProtocolHandler ["http-nio-8080"]
09-Dec-2023 08:21:47.624 INFO [Thread-1] org.apache.coyote.AbstractProtocol.destroy Destroying ProtocolHandler ["http-nio-8080"]
09-Dec-2023 08:21:55.487 INFO [main] org.apache.catalina.startup.VersionLoggerListener.log Nombre de la versión del servidor: Apache Tomcat/9.0.83
09-Dec-2023 08:21:55.494 INFO [main] org.apache.catalina.startup.VersionLoggerListener.log Server built:                      Nov 9 2023 20:57:42 UTC
09-Dec-2023 08:21:55.494 INFO [main] org.apache.catalina.startup.VersionLoggerListener.log Número de versión de servidor:     9.0.83.0
09-Dec-2023 08:21:55.494 INFO [main] org.apache.catalina.startup.VersionLoggerListener.log OS Name:                           Windows 10
09-Dec-2023 08:21:55.494 INFO [main] org.apache.catalina.startup.VersionLoggerListener.log Versión de Systema Operativo:      10.0
09-Dec-2023 08:21:55.495 INFO [main] org.apache.catalina.startup.VersionLoggerListener.log Arquitectura:                      amd64
09-Dec-2023 08:21:55.495 INFO [main] org.apache.catalina.startup.VersionLoggerListener.log Java Home:                         C:\Program Files\Java\jdk-21
09-Dec-2023 08:21:55.495 INFO [main] org.apache.catalina.startup.VersionLoggerListener.log JVM Version:                       21.0.1+12-LTS-29
09-Dec-2023 08:21:55.495 INFO [main] org.apache.catalina.startup.VersionLoggerListener.log Vededor JVM:                       Oracle Corporation
09-Dec-2023 08:21:55.495 INFO [main] org.apache.catalina.startup.VersionLoggerListener.log CATALINA_BASE:                     C:\Users\adria\Desktop\CaC-G1-TpFinal-1
09-Dec-2023 08:21:55.495 INFO [main] org.apache.catalina.startup.VersionLoggerListener.log CATALINA_HOME:                     C:\apache-tomcat-9.0.83
09-Dec-2023 08:21:55.510 INFO [main] org.apache.catalina.startup.VersionLoggerListener.log Command line argument:             --add-opens=java.base/java.lang=ALL-UNNAMED
09-Dec-2023 08:21:55.510 INFO [main] org.apache.catalina.startup.VersionLoggerListener.log Command line argument:             --add-opens=java.base/java.io=ALL-UNNAMED
09-Dec-2023 08:21:55.510 INFO [main] org.apache.catalina.startup.VersionLoggerListener.log Command line argument:             --add-opens=java.base/java.util=ALL-UNNAMED
09-Dec-2023 08:21:55.510 INFO [main] org.apache.catalina.startup.VersionLoggerListener.log Command line argument:             --add-opens=java.base/java.util.concurrent=ALL-UNNAMED
09-Dec-2023 08:21:55.510 INFO [main] org.apache.catalina.startup.VersionLoggerListener.log Command line argument:             --add-opens=java.rmi/sun.rmi.transport=ALL-UNNAMED
09-Dec-2023 08:21:55.511 INFO [main] org.apache.catalina.startup.VersionLoggerListener.log Command line argument:             -Dcatalina.home=C:\apache-tomcat-9.0.83
09-Dec-2023 08:21:55.511 INFO [main] org.apache.catalina.startup.VersionLoggerListener.log Command line argument:             -Dcatalina.base=C:\Users\adria\Desktop\CaC-G1-TpFinal-1
09-Dec-2023 08:21:55.511 INFO [main] org.apache.catalina.startup.VersionLoggerListener.log Command line argument:             -Djava.io.tmpdir=C:\Users\adria\Desktop\CaC-G1-TpFinal-1\temp
09-Dec-2023 08:21:55.511 INFO [main] org.apache.catalina.startup.VersionLoggerListener.log Command line argument:             -Djava.util.logging.config.file=C:\Users\adria\Desktop\CaC-G1-TpFinal-1\conf\logging.properties
09-Dec-2023 08:21:55.512 INFO [main] org.apache.catalina.startup.VersionLoggerListener.log Command line argument:             -Djava.util.logging.manager=org.apache.juli.ClassLoaderLogManager
09-Dec-2023 08:21:55.512 INFO [main] org.apache.catalina.startup.VersionLoggerListener.log Command line argument:             -javaagent:C:\Program Files\JetBrains\IntelliJ IDEA 2023.2.5\lib\idea_rt.jar=51664:C:\Program Files\JetBrains\IntelliJ IDEA 2023.2.5\bin
09-Dec-2023 08:21:55.512 INFO [main] org.apache.catalina.startup.VersionLoggerListener.log Command line argument:             -Dfile.encoding=UTF-8
09-Dec-2023 08:21:55.512 INFO [main] org.apache.catalina.startup.VersionLoggerListener.log Command line argument:             -Dsun.stdout.encoding=UTF-8
09-Dec-2023 08:21:55.512 INFO [main] org.apache.catalina.startup.VersionLoggerListener.log Command line argument:             -Dsun.stderr.encoding=UTF-8
09-Dec-2023 08:21:55.517 INFO [main] org.apache.catalina.core.AprLifecycleListener.lifecycleEvent Cargada la biblioteca nativa APR de Apache Tomcat [1.2.39] con la versión APR [1.7.4].
09-Dec-2023 08:21:55.517 INFO [main] org.apache.catalina.core.AprLifecycleListener.lifecycleEvent Capacidades APR: IPv6 [true], enviar fichero [true], aceptar filtros [false], aleatorio [true], UDS [true].
09-Dec-2023 08:21:55.518 INFO [main] org.apache.catalina.core.AprLifecycleListener.lifecycleEvent APR/OpenSSL configuration: useAprConnector [false], useOpenSSL [true]
09-Dec-2023 08:21:55.528 INFO [main] org.apache.catalina.core.AprLifecycleListener.initializeSSL OpenSSL inicializado correctamente [OpenSSL 3.0.11 19 Sep 2023]
09-Dec-2023 08:21:56.197 INFO [main] org.apache.coyote.AbstractProtocol.init Inicializando el manejador de protocolo ["http-nio-8080"]

09-Dec-2023 08:21:56.232 INFO [main] org.apache.catalina.startup.Catalina.load Server initialization in [1209] milliseconds
09-Dec-2023 08:21:56.328 INFO [main] org.apache.catalina.core.StandardService.startInternal Arrancando servicio [Catalina]
09-Dec-2023 08:21:56.328 INFO [main] org.apache.catalina.core.StandardEngine.startInternal Starting Servlet engine: [Apache Tomcat/9.0.83]
09-Dec-2023 08:21:56.346 INFO [main] org.apache.catalina.startup.HostConfig.deployDescriptor Desplieque del descriptor de configuración [C:\Users\adria\Desktop\CaC-G1-TpFinal-1\conf\Catalina\localhost\integrador_java.xml]
09-Dec-2023 08:21:56.374 WARNING [main] org.apache.catalina.startup.HostConfig.deployDescriptor The path attribute with value [/integrador_java] in deployment descriptor [C:\Users\adria\Desktop\CaC-G1-TpFinal-1\conf\Catalina\localhost\integrador_java.xml] has been ignored
09-Dec-2023 08:21:57.963 INFO [main] org.apache.jasper.servlet.TldScanner.scanJars Al menos un JAR, que se ha explorado buscando TLDs, aún no contenía TLDs. Activar historial de depuración para este historiador para una completa lista de los JARs que fueron explorados y de los que nos se halló TLDs. Saltarse JARs no necesarios durante la exploración puede dar lugar a una mejora de tiempo significativa en el arranque y compilación de JSP .
09-Dec-2023 08:21:58.077 INFO [main] org.apache.catalina.startup.HostConfig.deployDescriptor Deployment of deployment descriptor [C:\Users\adria\Desktop\CaC-G1-TpFinal-1\conf\Catalina\localhost\integrador_java.xml] has finished in [1.725] ms
09-Dec-2023 08:21:58.082 INFO [main] org.apache.coyote.AbstractProtocol.start Starting ProtocolHandler ["http-nio-8080"]
09-Dec-2023 08:21:58.126 INFO [main] org.apache.catalina.startup.Catalina.start Server startup in [1890] milliseconds
09-Dec-2023 09:38:02.221 INFO [Thread-1] org.apache.coyote.AbstractProtocol.pause Pausing ProtocolHandler ["http-nio-8080"]
09-Dec-2023 09:38:02.224 INFO [Thread-1] org.apache.catalina.core.StandardService.stopInternal Parando servicio [Catalina]
09-Dec-2023 09:38:02.235 WARNING [Thread-1] org.apache.catalina.loader.WebappClassLoaderBase.clearReferencesJdbc La aplicación web [integrador_java] registró el conductor JDBC [com.mysql.cj.jdbc.Driver] pero falló al anular el registro mientras la aplicación web estaba parada. Para prevenir un fallo de memoria, se ha anulado el registro del conductor JDBC por la fuerza.
09-Dec-2023 09:38:02.236 WARNING [Thread-1] org.apache.catalina.loader.WebappClassLoaderBase.clearReferencesThreads The web application [integrador_java] appears to have started a thread named [mysql-cj-abandoned-connection-cleanup] but has failed to stop it. This is very likely to create a memory leak. Stack trace of thread:
 java.base/jdk.internal.misc.Unsafe.park(Native Method)
 java.base/java.util.concurrent.locks.LockSupport.parkNanos(LockSupport.java:269)
 java.base/java.util.concurrent.locks.AbstractQueuedSynchronizer$ConditionObject.await(AbstractQueuedSynchronizer.java:1847)
 java.base/java.lang.ref.ReferenceQueue.await(ReferenceQueue.java:71)
 java.base/java.lang.ref.ReferenceQueue.remove0(ReferenceQueue.java:143)
 java.base/java.lang.ref.ReferenceQueue.remove(ReferenceQueue.java:218)
 com.mysql.cj.jdbc.AbandonedConnectionCleanupThread.run(AbandonedConnectionCleanupThread.java:91)
 java.base/java.util.concurrent.ThreadPoolExecutor.runWorker(ThreadPoolExecutor.java:1144)
 java.base/java.util.concurrent.ThreadPoolExecutor$Worker.run(ThreadPoolExecutor.java:642)
 java.base/java.lang.Thread.run(Thread.java:1583)
09-Dec-2023 09:38:02.256 INFO [Thread-1] org.apache.coyote.AbstractProtocol.stop Stopping ProtocolHandler ["http-nio-8080"]
09-Dec-2023 09:38:02.273 INFO [Thread-1] org.apache.coyote.AbstractProtocol.destroy Destroying ProtocolHandler ["http-nio-8080"]
09-Dec-2023 09:38:09.376 INFO [main] org.apache.catalina.startup.VersionLoggerListener.log Nombre de la versión del servidor: Apache Tomcat/9.0.83
09-Dec-2023 09:38:09.385 INFO [main] org.apache.catalina.startup.VersionLoggerListener.log Server built:                      Nov 9 2023 20:57:42 UTC
09-Dec-2023 09:38:09.386 INFO [main] org.apache.catalina.startup.VersionLoggerListener.log Número de versión de servidor:     9.0.83.0
09-Dec-2023 09:38:09.386 INFO [main] org.apache.catalina.startup.VersionLoggerListener.log OS Name:                           Windows 10
09-Dec-2023 09:38:09.386 INFO [main] org.apache.catalina.startup.VersionLoggerListener.log Versión de Systema Operativo:      10.0
09-Dec-2023 09:38:09.386 INFO [main] org.apache.catalina.startup.VersionLoggerListener.log Arquitectura:                      amd64
09-Dec-2023 09:38:09.386 INFO [main] org.apache.catalina.startup.VersionLoggerListener.log Java Home:                         C:\Program Files\Java\jdk-21
09-Dec-2023 09:38:09.386 INFO [main] org.apache.catalina.startup.VersionLoggerListener.log JVM Version:                       21.0.1+12-LTS-29
09-Dec-2023 09:38:09.387 INFO [main] org.apache.catalina.startup.VersionLoggerListener.log Vededor JVM:                       Oracle Corporation
09-Dec-2023 09:38:09.387 INFO [main] org.apache.catalina.startup.VersionLoggerListener.log CATALINA_BASE:                     C:\Users\adria\Desktop\CaC-G1-TpFinal-1
09-Dec-2023 09:38:09.387 INFO [main] org.apache.catalina.startup.VersionLoggerListener.log CATALINA_HOME:                     C:\apache-tomcat-9.0.83
09-Dec-2023 09:38:09.401 INFO [main] org.apache.catalina.startup.VersionLoggerListener.log Command line argument:             --add-opens=java.base/java.lang=ALL-UNNAMED
09-Dec-2023 09:38:09.401 INFO [main] org.apache.catalina.startup.VersionLoggerListener.log Command line argument:             --add-opens=java.base/java.io=ALL-UNNAMED
09-Dec-2023 09:38:09.401 INFO [main] org.apache.catalina.startup.VersionLoggerListener.log Command line argument:             --add-opens=java.base/java.util=ALL-UNNAMED
09-Dec-2023 09:38:09.401 INFO [main] org.apache.catalina.startup.VersionLoggerListener.log Command line argument:             --add-opens=java.base/java.util.concurrent=ALL-UNNAMED
09-Dec-2023 09:38:09.401 INFO [main] org.apache.catalina.startup.VersionLoggerListener.log Command line argument:             --add-opens=java.rmi/sun.rmi.transport=ALL-UNNAMED
09-Dec-2023 09:38:09.401 INFO [main] org.apache.catalina.startup.VersionLoggerListener.log Command line argument:             -Dcatalina.home=C:\apache-tomcat-9.0.83
09-Dec-2023 09:38:09.402 INFO [main] org.apache.catalina.startup.VersionLoggerListener.log Command line argument:             -Dcatalina.base=C:\Users\adria\Desktop\CaC-G1-TpFinal-1
09-Dec-2023 09:38:09.402 INFO [main] org.apache.catalina.startup.VersionLoggerListener.log Command line argument:             -Djava.io.tmpdir=C:\Users\adria\Desktop\CaC-G1-TpFinal-1\temp
09-Dec-2023 09:38:09.402 INFO [main] org.apache.catalina.startup.VersionLoggerListener.log Command line argument:             -Djava.util.logging.config.file=C:\Users\adria\Desktop\CaC-G1-TpFinal-1\conf\logging.properties
09-Dec-2023 09:38:09.402 INFO [main] org.apache.catalina.startup.VersionLoggerListener.log Command line argument:             -Djava.util.logging.manager=org.apache.juli.ClassLoaderLogManager
09-Dec-2023 09:38:09.402 INFO [main] org.apache.catalina.startup.VersionLoggerListener.log Command line argument:             -javaagent:C:\Program Files\JetBrains\IntelliJ IDEA 2023.2.5\lib\idea_rt.jar=55078:C:\Program Files\JetBrains\IntelliJ IDEA 2023.2.5\bin
09-Dec-2023 09:38:09.402 INFO [main] org.apache.catalina.startup.VersionLoggerListener.log Command line argument:             -Dfile.encoding=UTF-8
09-Dec-2023 09:38:09.402 INFO [main] org.apache.catalina.startup.VersionLoggerListener.log Command line argument:             -Dsun.stdout.encoding=UTF-8
09-Dec-2023 09:38:09.402 INFO [main] org.apache.catalina.startup.VersionLoggerListener.log Command line argument:             -Dsun.stderr.encoding=UTF-8
09-Dec-2023 09:38:09.408 INFO [main] org.apache.catalina.core.AprLifecycleListener.lifecycleEvent Cargada la biblioteca nativa APR de Apache Tomcat [1.2.39] con la versión APR [1.7.4].
09-Dec-2023 09:38:09.408 INFO [main] org.apache.catalina.core.AprLifecycleListener.lifecycleEvent Capacidades APR: IPv6 [true], enviar fichero [true], aceptar filtros [false], aleatorio [true], UDS [true].
09-Dec-2023 09:38:09.408 INFO [main] org.apache.catalina.core.AprLifecycleListener.lifecycleEvent APR/OpenSSL configuration: useAprConnector [false], useOpenSSL [true]
09-Dec-2023 09:38:09.418 INFO [main] org.apache.catalina.core.AprLifecycleListener.initializeSSL OpenSSL inicializado correctamente [OpenSSL 3.0.11 19 Sep 2023]
09-Dec-2023 09:38:10.355 INFO [main] org.apache.coyote.AbstractProtocol.init Inicializando el manejador de protocolo ["http-nio-8080"]

09-Dec-2023 09:38:10.391 INFO [main] org.apache.catalina.startup.Catalina.load Server initialization in [1651] milliseconds
09-Dec-2023 09:38:10.490 INFO [main] org.apache.catalina.core.StandardService.startInternal Arrancando servicio [Catalina]
09-Dec-2023 09:38:10.490 INFO [main] org.apache.catalina.core.StandardEngine.startInternal Starting Servlet engine: [Apache Tomcat/9.0.83]
09-Dec-2023 09:38:10.506 INFO [main] org.apache.catalina.startup.HostConfig.deployDescriptor Desplieque del descriptor de configuración [C:\Users\adria\Desktop\CaC-G1-TpFinal-1\conf\Catalina\localhost\integrador_java.xml]
09-Dec-2023 09:38:10.533 WARNING [main] org.apache.catalina.startup.HostConfig.deployDescriptor The path attribute with value [/integrador_java] in deployment descriptor [C:\Users\adria\Desktop\CaC-G1-TpFinal-1\conf\Catalina\localhost\integrador_java.xml] has been ignored
09-Dec-2023 09:38:12.053 INFO [main] org.apache.jasper.servlet.TldScanner.scanJars Al menos un JAR, que se ha explorado buscando TLDs, aún no contenía TLDs. Activar historial de depuración para este historiador para una completa lista de los JARs que fueron explorados y de los que nos se halló TLDs. Saltarse JARs no necesarios durante la exploración puede dar lugar a una mejora de tiempo significativa en el arranque y compilación de JSP .
09-Dec-2023 09:38:12.177 INFO [main] org.apache.catalina.startup.HostConfig.deployDescriptor Deployment of deployment descriptor [C:\Users\adria\Desktop\CaC-G1-TpFinal-1\conf\Catalina\localhost\integrador_java.xml] has finished in [1.664] ms
09-Dec-2023 09:38:12.183 INFO [main] org.apache.coyote.AbstractProtocol.start Starting ProtocolHandler ["http-nio-8080"]
09-Dec-2023 09:38:12.227 INFO [main] org.apache.catalina.startup.Catalina.start Server startup in [1833] milliseconds
09-Dec-2023 09:42:31.663 INFO [Thread-1] org.apache.coyote.AbstractProtocol.pause Pausing ProtocolHandler ["http-nio-8080"]
09-Dec-2023 09:42:31.667 INFO [Thread-1] org.apache.catalina.core.StandardService.stopInternal Parando servicio [Catalina]
09-Dec-2023 09:42:31.688 INFO [Thread-1] org.apache.coyote.AbstractProtocol.stop Stopping ProtocolHandler ["http-nio-8080"]
09-Dec-2023 09:42:31.693 INFO [Thread-1] org.apache.coyote.AbstractProtocol.destroy Destroying ProtocolHandler ["http-nio-8080"]
09-Dec-2023 09:42:37.612 INFO [main] org.apache.catalina.startup.VersionLoggerListener.log Nombre de la versión del servidor: Apache Tomcat/9.0.83
09-Dec-2023 09:42:37.618 INFO [main] org.apache.catalina.startup.VersionLoggerListener.log Server built:                      Nov 9 2023 20:57:42 UTC
09-Dec-2023 09:42:37.619 INFO [main] org.apache.catalina.startup.VersionLoggerListener.log Número de versión de servidor:     9.0.83.0
09-Dec-2023 09:42:37.619 INFO [main] org.apache.catalina.startup.VersionLoggerListener.log OS Name:                           Windows 10
09-Dec-2023 09:42:37.619 INFO [main] org.apache.catalina.startup.VersionLoggerListener.log Versión de Systema Operativo:      10.0
09-Dec-2023 09:42:37.619 INFO [main] org.apache.catalina.startup.VersionLoggerListener.log Arquitectura:                      amd64
09-Dec-2023 09:42:37.620 INFO [main] org.apache.catalina.startup.VersionLoggerListener.log Java Home:                         C:\Program Files\Java\jdk-21
09-Dec-2023 09:42:37.620 INFO [main] org.apache.catalina.startup.VersionLoggerListener.log JVM Version:                       21.0.1+12-LTS-29
09-Dec-2023 09:42:37.620 INFO [main] org.apache.catalina.startup.VersionLoggerListener.log Vededor JVM:                       Oracle Corporation
09-Dec-2023 09:42:37.620 INFO [main] org.apache.catalina.startup.VersionLoggerListener.log CATALINA_BASE:                     C:\Users\adria\Desktop\CaC-G1-TpFinal-1
09-Dec-2023 09:42:37.620 INFO [main] org.apache.catalina.startup.VersionLoggerListener.log CATALINA_HOME:                     C:\apache-tomcat-9.0.83
09-Dec-2023 09:42:37.633 INFO [main] org.apache.catalina.startup.VersionLoggerListener.log Command line argument:             --add-opens=java.base/java.lang=ALL-UNNAMED
09-Dec-2023 09:42:37.634 INFO [main] org.apache.catalina.startup.VersionLoggerListener.log Command line argument:             --add-opens=java.base/java.io=ALL-UNNAMED
09-Dec-2023 09:42:37.634 INFO [main] org.apache.catalina.startup.VersionLoggerListener.log Command line argument:             --add-opens=java.base/java.util=ALL-UNNAMED
09-Dec-2023 09:42:37.634 INFO [main] org.apache.catalina.startup.VersionLoggerListener.log Command line argument:             --add-opens=java.base/java.util.concurrent=ALL-UNNAMED
09-Dec-2023 09:42:37.634 INFO [main] org.apache.catalina.startup.VersionLoggerListener.log Command line argument:             --add-opens=java.rmi/sun.rmi.transport=ALL-UNNAMED
09-Dec-2023 09:42:37.635 INFO [main] org.apache.catalina.startup.VersionLoggerListener.log Command line argument:             -Dcatalina.home=C:\apache-tomcat-9.0.83
09-Dec-2023 09:42:37.635 INFO [main] org.apache.catalina.startup.VersionLoggerListener.log Command line argument:             -Dcatalina.base=C:\Users\adria\Desktop\CaC-G1-TpFinal-1
09-Dec-2023 09:42:37.635 INFO [main] org.apache.catalina.startup.VersionLoggerListener.log Command line argument:             -Djava.io.tmpdir=C:\Users\adria\Desktop\CaC-G1-TpFinal-1\temp
09-Dec-2023 09:42:37.636 INFO [main] org.apache.catalina.startup.VersionLoggerListener.log Command line argument:             -Djava.util.logging.config.file=C:\Users\adria\Desktop\CaC-G1-TpFinal-1\conf\logging.properties
09-Dec-2023 09:42:37.637 INFO [main] org.apache.catalina.startup.VersionLoggerListener.log Command line argument:             -Djava.util.logging.manager=org.apache.juli.ClassLoaderLogManager
09-Dec-2023 09:42:37.637 INFO [main] org.apache.catalina.startup.VersionLoggerListener.log Command line argument:             -javaagent:C:\Program Files\JetBrains\IntelliJ IDEA 2023.2.5\lib\idea_rt.jar=55295:C:\Program Files\JetBrains\IntelliJ IDEA 2023.2.5\bin
09-Dec-2023 09:42:37.649 INFO [main] org.apache.catalina.startup.VersionLoggerListener.log Command line argument:             -Dfile.encoding=UTF-8
09-Dec-2023 09:42:37.649 INFO [main] org.apache.catalina.startup.VersionLoggerListener.log Command line argument:             -Dsun.stdout.encoding=UTF-8
09-Dec-2023 09:42:37.650 INFO [main] org.apache.catalina.startup.VersionLoggerListener.log Command line argument:             -Dsun.stderr.encoding=UTF-8
09-Dec-2023 09:42:37.658 INFO [main] org.apache.catalina.core.AprLifecycleListener.lifecycleEvent Cargada la biblioteca nativa APR de Apache Tomcat [1.2.39] con la versión APR [1.7.4].
09-Dec-2023 09:42:37.658 INFO [main] org.apache.catalina.core.AprLifecycleListener.lifecycleEvent Capacidades APR: IPv6 [true], enviar fichero [true], aceptar filtros [false], aleatorio [true], UDS [true].
09-Dec-2023 09:42:37.658 INFO [main] org.apache.catalina.core.AprLifecycleListener.lifecycleEvent APR/OpenSSL configuration: useAprConnector [false], useOpenSSL [true]
09-Dec-2023 09:42:37.695 INFO [main] org.apache.catalina.core.AprLifecycleListener.initializeSSL OpenSSL inicializado correctamente [OpenSSL 3.0.11 19 Sep 2023]
09-Dec-2023 09:42:38.351 INFO [main] org.apache.coyote.AbstractProtocol.init Inicializando el manejador de protocolo ["http-nio-8080"]

09-Dec-2023 09:42:38.384 INFO [main] org.apache.catalina.startup.Catalina.load Server initialization in [1144] milliseconds
09-Dec-2023 09:42:38.485 INFO [main] org.apache.catalina.core.StandardService.startInternal Arrancando servicio [Catalina]
09-Dec-2023 09:42:38.485 INFO [main] org.apache.catalina.core.StandardEngine.startInternal Starting Servlet engine: [Apache Tomcat/9.0.83]
09-Dec-2023 09:42:38.540 INFO [main] org.apache.catalina.startup.HostConfig.deployDescriptor Desplieque del descriptor de configuración [C:\Users\adria\Desktop\CaC-G1-TpFinal-1\conf\Catalina\localhost\integrador_java.xml]
09-Dec-2023 09:42:38.590 WARNING [main] org.apache.catalina.startup.HostConfig.deployDescriptor The path attribute with value [/integrador_java] in deployment descriptor [C:\Users\adria\Desktop\CaC-G1-TpFinal-1\conf\Catalina\localhost\integrador_java.xml] has been ignored
09-Dec-2023 09:42:40.322 INFO [main] org.apache.jasper.servlet.TldScanner.scanJars Al menos un JAR, que se ha explorado buscando TLDs, aún no contenía TLDs. Activar historial de depuración para este historiador para una completa lista de los JARs que fueron explorados y de los que nos se halló TLDs. Saltarse JARs no necesarios durante la exploración puede dar lugar a una mejora de tiempo significativa en el arranque y compilación de JSP .
09-Dec-2023 09:42:40.522 INFO [main] org.apache.catalina.startup.HostConfig.deployDescriptor Deployment of deployment descriptor [C:\Users\adria\Desktop\CaC-G1-TpFinal-1\conf\Catalina\localhost\integrador_java.xml] has finished in [1.976] ms
09-Dec-2023 09:42:40.528 INFO [main] org.apache.coyote.AbstractProtocol.start Starting ProtocolHandler ["http-nio-8080"]
09-Dec-2023 09:42:40.586 INFO [main] org.apache.catalina.startup.Catalina.start Server startup in [2199] milliseconds
09-Dec-2023 10:29:46.475 INFO [Thread-1] org.apache.coyote.AbstractProtocol.pause Pausing ProtocolHandler ["http-nio-8080"]
09-Dec-2023 10:29:46.479 INFO [Thread-1] org.apache.catalina.core.StandardService.stopInternal Parando servicio [Catalina]
09-Dec-2023 10:29:46.491 WARNING [Thread-1] org.apache.catalina.loader.WebappClassLoaderBase.clearReferencesJdbc La aplicación web [integrador_java] registró el conductor JDBC [com.mysql.cj.jdbc.Driver] pero falló al anular el registro mientras la aplicación web estaba parada. Para prevenir un fallo de memoria, se ha anulado el registro del conductor JDBC por la fuerza.
09-Dec-2023 10:29:46.492 WARNING [Thread-1] org.apache.catalina.loader.WebappClassLoaderBase.clearReferencesThreads The web application [integrador_java] appears to have started a thread named [mysql-cj-abandoned-connection-cleanup] but has failed to stop it. This is very likely to create a memory leak. Stack trace of thread:
 java.base/jdk.internal.misc.Unsafe.park(Native Method)
 java.base/java.util.concurrent.locks.LockSupport.parkNanos(LockSupport.java:269)
 java.base/java.util.concurrent.locks.AbstractQueuedSynchronizer$ConditionObject.await(AbstractQueuedSynchronizer.java:1847)
 java.base/java.lang.ref.ReferenceQueue.await(ReferenceQueue.java:71)
 java.base/java.lang.ref.ReferenceQueue.remove0(ReferenceQueue.java:143)
 java.base/java.lang.ref.ReferenceQueue.remove(ReferenceQueue.java:218)
 com.mysql.cj.jdbc.AbandonedConnectionCleanupThread.run(AbandonedConnectionCleanupThread.java:91)
 java.base/java.util.concurrent.ThreadPoolExecutor.runWorker(ThreadPoolExecutor.java:1144)
 java.base/java.util.concurrent.ThreadPoolExecutor$Worker.run(ThreadPoolExecutor.java:642)
 java.base/java.lang.Thread.run(Thread.java:1583)
09-Dec-2023 10:29:46.500 INFO [Thread-1] org.apache.coyote.AbstractProtocol.stop Stopping ProtocolHandler ["http-nio-8080"]
09-Dec-2023 10:29:46.504 INFO [Thread-1] org.apache.coyote.AbstractProtocol.destroy Destroying ProtocolHandler ["http-nio-8080"]
09-Dec-2023 10:29:53.632 INFO [main] org.apache.catalina.startup.VersionLoggerListener.log Nombre de la versión del servidor: Apache Tomcat/9.0.83
09-Dec-2023 10:29:53.653 INFO [main] org.apache.catalina.startup.VersionLoggerListener.log Server built:                      Nov 9 2023 20:57:42 UTC
09-Dec-2023 10:29:53.656 INFO [main] org.apache.catalina.startup.VersionLoggerListener.log Número de versión de servidor:     9.0.83.0
09-Dec-2023 10:29:53.656 INFO [main] org.apache.catalina.startup.VersionLoggerListener.log OS Name:                           Windows 10
09-Dec-2023 10:29:53.656 INFO [main] org.apache.catalina.startup.VersionLoggerListener.log Versión de Systema Operativo:      10.0
09-Dec-2023 10:29:53.657 INFO [main] org.apache.catalina.startup.VersionLoggerListener.log Arquitectura:                      amd64
09-Dec-2023 10:29:53.657 INFO [main] org.apache.catalina.startup.VersionLoggerListener.log Java Home:                         C:\Program Files\Java\jdk-21
09-Dec-2023 10:29:53.658 INFO [main] org.apache.catalina.startup.VersionLoggerListener.log JVM Version:                       21.0.1+12-LTS-29
09-Dec-2023 10:29:53.658 INFO [main] org.apache.catalina.startup.VersionLoggerListener.log Vededor JVM:                       Oracle Corporation
09-Dec-2023 10:29:53.659 INFO [main] org.apache.catalina.startup.VersionLoggerListener.log CATALINA_BASE:                     C:\Users\adria\Desktop\CaC-G1-TpFinal-1
09-Dec-2023 10:29:53.659 INFO [main] org.apache.catalina.startup.VersionLoggerListener.log CATALINA_HOME:                     C:\apache-tomcat-9.0.83
09-Dec-2023 10:29:53.669 INFO [main] org.apache.catalina.startup.VersionLoggerListener.log Command line argument:             --add-opens=java.base/java.lang=ALL-UNNAMED
09-Dec-2023 10:29:53.669 INFO [main] org.apache.catalina.startup.VersionLoggerListener.log Command line argument:             --add-opens=java.base/java.io=ALL-UNNAMED
09-Dec-2023 10:29:53.669 INFO [main] org.apache.catalina.startup.VersionLoggerListener.log Command line argument:             --add-opens=java.base/java.util=ALL-UNNAMED
09-Dec-2023 10:29:53.669 INFO [main] org.apache.catalina.startup.VersionLoggerListener.log Command line argument:             --add-opens=java.base/java.util.concurrent=ALL-UNNAMED
09-Dec-2023 10:29:53.669 INFO [main] org.apache.catalina.startup.VersionLoggerListener.log Command line argument:             --add-opens=java.rmi/sun.rmi.transport=ALL-UNNAMED
09-Dec-2023 10:29:53.669 INFO [main] org.apache.catalina.startup.VersionLoggerListener.log Command line argument:             -Dcatalina.home=C:\apache-tomcat-9.0.83
09-Dec-2023 10:29:53.670 INFO [main] org.apache.catalina.startup.VersionLoggerListener.log Command line argument:             -Dcatalina.base=C:\Users\adria\Desktop\CaC-G1-TpFinal-1
09-Dec-2023 10:29:53.670 INFO [main] org.apache.catalina.startup.VersionLoggerListener.log Command line argument:             -Djava.io.tmpdir=C:\Users\adria\Desktop\CaC-G1-TpFinal-1\temp
09-Dec-2023 10:29:53.670 INFO [main] org.apache.catalina.startup.VersionLoggerListener.log Command line argument:             -Djava.util.logging.config.file=C:\Users\adria\Desktop\CaC-G1-TpFinal-1\conf\logging.properties
09-Dec-2023 10:29:53.670 INFO [main] org.apache.catalina.startup.VersionLoggerListener.log Command line argument:             -Djava.util.logging.manager=org.apache.juli.ClassLoaderLogManager
09-Dec-2023 10:29:53.671 INFO [main] org.apache.catalina.startup.VersionLoggerListener.log Command line argument:             -javaagent:C:\Program Files\JetBrains\IntelliJ IDEA 2023.2.5\lib\idea_rt.jar=57699:C:\Program Files\JetBrains\IntelliJ IDEA 2023.2.5\bin
09-Dec-2023 10:29:53.671 INFO [main] org.apache.catalina.startup.VersionLoggerListener.log Command line argument:             -Dfile.encoding=UTF-8
09-Dec-2023 10:29:53.671 INFO [main] org.apache.catalina.startup.VersionLoggerListener.log Command line argument:             -Dsun.stdout.encoding=UTF-8
09-Dec-2023 10:29:53.671 INFO [main] org.apache.catalina.startup.VersionLoggerListener.log Command line argument:             -Dsun.stderr.encoding=UTF-8
09-Dec-2023 10:29:53.677 INFO [main] org.apache.catalina.core.AprLifecycleListener.lifecycleEvent Cargada la biblioteca nativa APR de Apache Tomcat [1.2.39] con la versión APR [1.7.4].
09-Dec-2023 10:29:53.677 INFO [main] org.apache.catalina.core.AprLifecycleListener.lifecycleEvent Capacidades APR: IPv6 [true], enviar fichero [true], aceptar filtros [false], aleatorio [true], UDS [true].
09-Dec-2023 10:29:53.678 INFO [main] org.apache.catalina.core.AprLifecycleListener.lifecycleEvent APR/OpenSSL configuration: useAprConnector [false], useOpenSSL [true]
09-Dec-2023 10:29:53.688 INFO [main] org.apache.catalina.core.AprLifecycleListener.initializeSSL OpenSSL inicializado correctamente [OpenSSL 3.0.11 19 Sep 2023]
09-Dec-2023 10:29:54.417 INFO [main] org.apache.coyote.AbstractProtocol.init Inicializando el manejador de protocolo ["http-nio-8080"]

09-Dec-2023 10:29:54.447 INFO [main] org.apache.catalina.startup.Catalina.load Server initialization in [1671] milliseconds
09-Dec-2023 10:29:54.533 INFO [main] org.apache.catalina.core.StandardService.startInternal Arrancando servicio [Catalina]
09-Dec-2023 10:29:54.534 INFO [main] org.apache.catalina.core.StandardEngine.startInternal Starting Servlet engine: [Apache Tomcat/9.0.83]
09-Dec-2023 10:29:54.553 INFO [main] org.apache.catalina.startup.HostConfig.deployDescriptor Desplieque del descriptor de configuración [C:\Users\adria\Desktop\CaC-G1-TpFinal-1\conf\Catalina\localhost\integrador_java.xml]
09-Dec-2023 10:29:54.582 WARNING [main] org.apache.catalina.startup.HostConfig.deployDescriptor The path attribute with value [/integrador_java] in deployment descriptor [C:\Users\adria\Desktop\CaC-G1-TpFinal-1\conf\Catalina\localhost\integrador_java.xml] has been ignored
09-Dec-2023 10:29:55.990 INFO [main] org.apache.jasper.servlet.TldScanner.scanJars Al menos un JAR, que se ha explorado buscando TLDs, aún no contenía TLDs. Activar historial de depuración para este historiador para una completa lista de los JARs que fueron explorados y de los que nos se halló TLDs. Saltarse JARs no necesarios durante la exploración puede dar lugar a una mejora de tiempo significativa en el arranque y compilación de JSP .
09-Dec-2023 10:29:56.101 INFO [main] org.apache.catalina.startup.HostConfig.deployDescriptor Deployment of deployment descriptor [C:\Users\adria\Desktop\CaC-G1-TpFinal-1\conf\Catalina\localhost\integrador_java.xml] has finished in [1.542] ms
09-Dec-2023 10:29:56.106 INFO [main] org.apache.coyote.AbstractProtocol.start Starting ProtocolHandler ["http-nio-8080"]
09-Dec-2023 10:29:56.148 INFO [main] org.apache.catalina.startup.Catalina.start Server startup in [1699] milliseconds
09-Dec-2023 10:37:08.706 INFO [Thread-1] org.apache.coyote.AbstractProtocol.pause Pausing ProtocolHandler ["http-nio-8080"]
09-Dec-2023 10:37:08.709 INFO [Thread-1] org.apache.catalina.core.StandardService.stopInternal Parando servicio [Catalina]
09-Dec-2023 10:37:08.732 INFO [Thread-1] org.apache.coyote.AbstractProtocol.stop Stopping ProtocolHandler ["http-nio-8080"]
09-Dec-2023 10:37:08.744 INFO [Thread-1] org.apache.coyote.AbstractProtocol.destroy Destroying ProtocolHandler ["http-nio-8080"]
09-Dec-2023 10:37:15.805 INFO [main] org.apache.catalina.startup.VersionLoggerListener.log Nombre de la versión del servidor: Apache Tomcat/9.0.83
09-Dec-2023 10:37:15.811 INFO [main] org.apache.catalina.startup.VersionLoggerListener.log Server built:                      Nov 9 2023 20:57:42 UTC
09-Dec-2023 10:37:15.811 INFO [main] org.apache.catalina.startup.VersionLoggerListener.log Número de versión de servidor:     9.0.83.0
09-Dec-2023 10:37:15.811 INFO [main] org.apache.catalina.startup.VersionLoggerListener.log OS Name:                           Windows 10
09-Dec-2023 10:37:15.811 INFO [main] org.apache.catalina.startup.VersionLoggerListener.log Versión de Systema Operativo:      10.0
09-Dec-2023 10:37:15.811 INFO [main] org.apache.catalina.startup.VersionLoggerListener.log Arquitectura:                      amd64
09-Dec-2023 10:37:15.812 INFO [main] org.apache.catalina.startup.VersionLoggerListener.log Java Home:                         C:\Program Files\Java\jdk-21
09-Dec-2023 10:37:15.812 INFO [main] org.apache.catalina.startup.VersionLoggerListener.log JVM Version:                       21.0.1+12-LTS-29
09-Dec-2023 10:37:15.812 INFO [main] org.apache.catalina.startup.VersionLoggerListener.log Vededor JVM:                       Oracle Corporation
09-Dec-2023 10:37:15.812 INFO [main] org.apache.catalina.startup.VersionLoggerListener.log CATALINA_BASE:                     C:\Users\adria\Desktop\CaC-G1-TpFinal-1
09-Dec-2023 10:37:15.812 INFO [main] org.apache.catalina.startup.VersionLoggerListener.log CATALINA_HOME:                     C:\apache-tomcat-9.0.83
09-Dec-2023 10:37:15.825 INFO [main] org.apache.catalina.startup.VersionLoggerListener.log Command line argument:             --add-opens=java.base/java.lang=ALL-UNNAMED
09-Dec-2023 10:37:15.826 INFO [main] org.apache.catalina.startup.VersionLoggerListener.log Command line argument:             --add-opens=java.base/java.io=ALL-UNNAMED
09-Dec-2023 10:37:15.826 INFO [main] org.apache.catalina.startup.VersionLoggerListener.log Command line argument:             --add-opens=java.base/java.util=ALL-UNNAMED
09-Dec-2023 10:37:15.826 INFO [main] org.apache.catalina.startup.VersionLoggerListener.log Command line argument:             --add-opens=java.base/java.util.concurrent=ALL-UNNAMED
09-Dec-2023 10:37:15.826 INFO [main] org.apache.catalina.startup.VersionLoggerListener.log Command line argument:             --add-opens=java.rmi/sun.rmi.transport=ALL-UNNAMED
09-Dec-2023 10:37:15.826 INFO [main] org.apache.catalina.startup.VersionLoggerListener.log Command line argument:             -Dcatalina.home=C:\apache-tomcat-9.0.83
09-Dec-2023 10:37:15.827 INFO [main] org.apache.catalina.startup.VersionLoggerListener.log Command line argument:             -Dcatalina.base=C:\Users\adria\Desktop\CaC-G1-TpFinal-1
09-Dec-2023 10:37:15.827 INFO [main] org.apache.catalina.startup.VersionLoggerListener.log Command line argument:             -Djava.io.tmpdir=C:\Users\adria\Desktop\CaC-G1-TpFinal-1\temp
09-Dec-2023 10:37:15.827 INFO [main] org.apache.catalina.startup.VersionLoggerListener.log Command line argument:             -Djava.util.logging.config.file=C:\Users\adria\Desktop\CaC-G1-TpFinal-1\conf\logging.properties
09-Dec-2023 10:37:15.827 INFO [main] org.apache.catalina.startup.VersionLoggerListener.log Command line argument:             -Djava.util.logging.manager=org.apache.juli.ClassLoaderLogManager
09-Dec-2023 10:37:15.827 INFO [main] org.apache.catalina.startup.VersionLoggerListener.log Command line argument:             -javaagent:C:\Program Files\JetBrains\IntelliJ IDEA 2023.2.5\lib\idea_rt.jar=57874:C:\Program Files\JetBrains\IntelliJ IDEA 2023.2.5\bin
09-Dec-2023 10:37:15.827 INFO [main] org.apache.catalina.startup.VersionLoggerListener.log Command line argument:             -Dfile.encoding=UTF-8
09-Dec-2023 10:37:15.828 INFO [main] org.apache.catalina.startup.VersionLoggerListener.log Command line argument:             -Dsun.stdout.encoding=UTF-8
09-Dec-2023 10:37:15.828 INFO [main] org.apache.catalina.startup.VersionLoggerListener.log Command line argument:             -Dsun.stderr.encoding=UTF-8
09-Dec-2023 10:37:15.848 INFO [main] org.apache.catalina.core.AprLifecycleListener.lifecycleEvent Cargada la biblioteca nativa APR de Apache Tomcat [1.2.39] con la versión APR [1.7.4].
09-Dec-2023 10:37:15.849 INFO [main] org.apache.catalina.core.AprLifecycleListener.lifecycleEvent Capacidades APR: IPv6 [true], enviar fichero [true], aceptar filtros [false], aleatorio [true], UDS [true].
09-Dec-2023 10:37:15.849 INFO [main] org.apache.catalina.core.AprLifecycleListener.lifecycleEvent APR/OpenSSL configuration: useAprConnector [false], useOpenSSL [true]
09-Dec-2023 10:37:15.859 INFO [main] org.apache.catalina.core.AprLifecycleListener.initializeSSL OpenSSL inicializado correctamente [OpenSSL 3.0.11 19 Sep 2023]
09-Dec-2023 10:37:16.956 INFO [main] org.apache.coyote.AbstractProtocol.init Inicializando el manejador de protocolo ["http-nio-8080"]

09-Dec-2023 10:37:17.001 INFO [main] org.apache.catalina.startup.Catalina.load Server initialization in [1609] milliseconds
09-Dec-2023 10:37:17.108 INFO [main] org.apache.catalina.core.StandardService.startInternal Arrancando servicio [Catalina]
09-Dec-2023 10:37:17.108 INFO [main] org.apache.catalina.core.StandardEngine.startInternal Starting Servlet engine: [Apache Tomcat/9.0.83]
09-Dec-2023 10:37:17.124 INFO [main] org.apache.catalina.startup.HostConfig.deployDescriptor Desplieque del descriptor de configuración [C:\Users\adria\Desktop\CaC-G1-TpFinal-1\conf\Catalina\localhost\integrador_java.xml]
09-Dec-2023 10:37:17.151 WARNING [main] org.apache.catalina.startup.HostConfig.deployDescriptor The path attribute with value [/integrador_java] in deployment descriptor [C:\Users\adria\Desktop\CaC-G1-TpFinal-1\conf\Catalina\localhost\integrador_java.xml] has been ignored
09-Dec-2023 10:37:18.829 INFO [main] org.apache.jasper.servlet.TldScanner.scanJars Al menos un JAR, que se ha explorado buscando TLDs, aún no contenía TLDs. Activar historial de depuración para este historiador para una completa lista de los JARs que fueron explorados y de los que nos se halló TLDs. Saltarse JARs no necesarios durante la exploración puede dar lugar a una mejora de tiempo significativa en el arranque y compilación de JSP .
09-Dec-2023 10:37:18.944 INFO [main] org.apache.catalina.startup.HostConfig.deployDescriptor Deployment of deployment descriptor [C:\Users\adria\Desktop\CaC-G1-TpFinal-1\conf\Catalina\localhost\integrador_java.xml] has finished in [1.815] ms
09-Dec-2023 10:37:18.949 INFO [main] org.apache.coyote.AbstractProtocol.start Starting ProtocolHandler ["http-nio-8080"]
09-Dec-2023 10:37:18.989 INFO [main] org.apache.catalina.startup.Catalina.start Server startup in [1984] milliseconds
09-Dec-2023 11:04:43.131 INFO [Thread-1] org.apache.coyote.AbstractProtocol.pause Pausing ProtocolHandler ["http-nio-8080"]
09-Dec-2023 11:04:43.137 INFO [Thread-1] org.apache.catalina.core.StandardService.stopInternal Parando servicio [Catalina]
09-Dec-2023 11:04:43.159 INFO [Thread-1] org.apache.coyote.AbstractProtocol.stop Stopping ProtocolHandler ["http-nio-8080"]
09-Dec-2023 11:04:43.171 INFO [Thread-1] org.apache.coyote.AbstractProtocol.destroy Destroying ProtocolHandler ["http-nio-8080"]
09-Dec-2023 11:14:58.126 INFO [main] org.apache.catalina.startup.VersionLoggerListener.log Nombre de la versión del servidor: Apache Tomcat/9.0.83
09-Dec-2023 11:14:58.133 INFO [main] org.apache.catalina.startup.VersionLoggerListener.log Server built:                      Nov 9 2023 20:57:42 UTC
09-Dec-2023 11:14:58.133 INFO [main] org.apache.catalina.startup.VersionLoggerListener.log Número de versión de servidor:     9.0.83.0
09-Dec-2023 11:14:58.133 INFO [main] org.apache.catalina.startup.VersionLoggerListener.log OS Name:                           Windows 10
09-Dec-2023 11:14:58.134 INFO [main] org.apache.catalina.startup.VersionLoggerListener.log Versión de Systema Operativo:      10.0
09-Dec-2023 11:14:58.134 INFO [main] org.apache.catalina.startup.VersionLoggerListener.log Arquitectura:                      amd64
09-Dec-2023 11:14:58.134 INFO [main] org.apache.catalina.startup.VersionLoggerListener.log Java Home:                         C:\Program Files\Java\jdk-21
09-Dec-2023 11:14:58.134 INFO [main] org.apache.catalina.startup.VersionLoggerListener.log JVM Version:                       21.0.1+12-LTS-29
09-Dec-2023 11:14:58.134 INFO [main] org.apache.catalina.startup.VersionLoggerListener.log Vededor JVM:                       Oracle Corporation
09-Dec-2023 11:14:58.134 INFO [main] org.apache.catalina.startup.VersionLoggerListener.log CATALINA_BASE:                     C:\Users\adria\Desktop\CaC-G1-TpFinal-1
09-Dec-2023 11:14:58.135 INFO [main] org.apache.catalina.startup.VersionLoggerListener.log CATALINA_HOME:                     C:\apache-tomcat-9.0.83
09-Dec-2023 11:14:58.147 INFO [main] org.apache.catalina.startup.VersionLoggerListener.log Command line argument:             --add-opens=java.base/java.lang=ALL-UNNAMED
09-Dec-2023 11:14:58.147 INFO [main] org.apache.catalina.startup.VersionLoggerListener.log Command line argument:             --add-opens=java.base/java.io=ALL-UNNAMED
09-Dec-2023 11:14:58.147 INFO [main] org.apache.catalina.startup.VersionLoggerListener.log Command line argument:             --add-opens=java.base/java.util=ALL-UNNAMED
09-Dec-2023 11:14:58.147 INFO [main] org.apache.catalina.startup.VersionLoggerListener.log Command line argument:             --add-opens=java.base/java.util.concurrent=ALL-UNNAMED
09-Dec-2023 11:14:58.147 INFO [main] org.apache.catalina.startup.VersionLoggerListener.log Command line argument:             --add-opens=java.rmi/sun.rmi.transport=ALL-UNNAMED
09-Dec-2023 11:14:58.147 INFO [main] org.apache.catalina.startup.VersionLoggerListener.log Command line argument:             -Dcatalina.home=C:\apache-tomcat-9.0.83
09-Dec-2023 11:14:58.148 INFO [main] org.apache.catalina.startup.VersionLoggerListener.log Command line argument:             -Dcatalina.base=C:\Users\adria\Desktop\CaC-G1-TpFinal-1
09-Dec-2023 11:14:58.148 INFO [main] org.apache.catalina.startup.VersionLoggerListener.log Command line argument:             -Djava.io.tmpdir=C:\Users\adria\Desktop\CaC-G1-TpFinal-1\temp
09-Dec-2023 11:14:58.148 INFO [main] org.apache.catalina.startup.VersionLoggerListener.log Command line argument:             -Djava.util.logging.config.file=C:\Users\adria\Desktop\CaC-G1-TpFinal-1\conf\logging.properties
09-Dec-2023 11:14:58.148 INFO [main] org.apache.catalina.startup.VersionLoggerListener.log Command line argument:             -Djava.util.logging.manager=org.apache.juli.ClassLoaderLogManager
09-Dec-2023 11:14:58.148 INFO [main] org.apache.catalina.startup.VersionLoggerListener.log Command line argument:             -javaagent:C:\Program Files\JetBrains\IntelliJ IDEA 2023.2.5\lib\idea_rt.jar=59752:C:\Program Files\JetBrains\IntelliJ IDEA 2023.2.5\bin
09-Dec-2023 11:14:58.148 INFO [main] org.apache.catalina.startup.VersionLoggerListener.log Command line argument:             -Dfile.encoding=UTF-8
09-Dec-2023 11:14:58.149 INFO [main] org.apache.catalina.startup.VersionLoggerListener.log Command line argument:             -Dsun.stdout.encoding=UTF-8
09-Dec-2023 11:14:58.149 INFO [main] org.apache.catalina.startup.VersionLoggerListener.log Command line argument:             -Dsun.stderr.encoding=UTF-8
09-Dec-2023 11:14:58.153 INFO [main] org.apache.catalina.core.AprLifecycleListener.lifecycleEvent Cargada la biblioteca nativa APR de Apache Tomcat [1.2.39] con la versión APR [1.7.4].
09-Dec-2023 11:14:58.154 INFO [main] org.apache.catalina.core.AprLifecycleListener.lifecycleEvent Capacidades APR: IPv6 [true], enviar fichero [true], aceptar filtros [false], aleatorio [true], UDS [true].
09-Dec-2023 11:14:58.154 INFO [main] org.apache.catalina.core.AprLifecycleListener.lifecycleEvent APR/OpenSSL configuration: useAprConnector [false], useOpenSSL [true]
09-Dec-2023 11:14:58.163 INFO [main] org.apache.catalina.core.AprLifecycleListener.initializeSSL OpenSSL inicializado correctamente [OpenSSL 3.0.11 19 Sep 2023]
09-Dec-2023 11:14:58.758 INFO [main] org.apache.coyote.AbstractProtocol.init Inicializando el manejador de protocolo ["http-nio-8080"]

09-Dec-2023 11:14:58.787 INFO [main] org.apache.catalina.startup.Catalina.load Server initialization in [1159] milliseconds
09-Dec-2023 11:14:58.887 INFO [main] org.apache.catalina.core.StandardService.startInternal Arrancando servicio [Catalina]
09-Dec-2023 11:14:58.888 INFO [main] org.apache.catalina.core.StandardEngine.startInternal Starting Servlet engine: [Apache Tomcat/9.0.83]
09-Dec-2023 11:14:58.906 INFO [main] org.apache.catalina.startup.HostConfig.deployDescriptor Desplieque del descriptor de configuración [C:\Users\adria\Desktop\CaC-G1-TpFinal-1\conf\Catalina\localhost\integrador_java.xml]
09-Dec-2023 11:14:58.945 WARNING [main] org.apache.catalina.startup.HostConfig.deployDescriptor The path attribute with value [/integrador_java] in deployment descriptor [C:\Users\adria\Desktop\CaC-G1-TpFinal-1\conf\Catalina\localhost\integrador_java.xml] has been ignored
09-Dec-2023 11:15:00.666 INFO [main] org.apache.jasper.servlet.TldScanner.scanJars Al menos un JAR, que se ha explorado buscando TLDs, aún no contenía TLDs. Activar historial de depuración para este historiador para una completa lista de los JARs que fueron explorados y de los que nos se halló TLDs. Saltarse JARs no necesarios durante la exploración puede dar lugar a una mejora de tiempo significativa en el arranque y compilación de JSP .
09-Dec-2023 11:15:00.793 INFO [main] org.apache.catalina.startup.HostConfig.deployDescriptor Deployment of deployment descriptor [C:\Users\adria\Desktop\CaC-G1-TpFinal-1\conf\Catalina\localhost\integrador_java.xml] has finished in [1.879] ms
09-Dec-2023 11:15:00.803 INFO [main] org.apache.coyote.AbstractProtocol.start Starting ProtocolHandler ["http-nio-8080"]
09-Dec-2023 11:15:00.840 INFO [main] org.apache.catalina.startup.Catalina.start Server startup in [2051] milliseconds
